#
# A fatal error has been detected by the Java Runtime Environment:
#
#  SIGSEGV (0xb) at pc=0x00007fb3496836db, pid=36951, tid=36992
#
# JRE version: OpenJDK Runtime Environment Temurin-17.0.2+8 (17.0.2+8) (build 17.0.2+8)
# Java VM: OpenJDK 64-Bit Server VM Temurin-17.0.2+8 (17.0.2+8, mixed mode, tiered, compressed oops, compressed class ptrs, parallel gc, linux-amd64)
# Problematic frame:
# V  [libjvm.so+0xc9d6db]  PSCardTable::scavenge_contents_parallel(ObjectStartArray*, MutableSpace*, HeapWordImpl**, PSPromotionManager*, unsigned int, unsigned int)+0x43b
#
# Core dump will be written. Default location: Core dumps may be processed with "/usr/lib/systemd/systemd-coredump %P %u %g %s %t %c %h" (or dumping to /home/root0/Documents/PROJET/Projet-RESEAU/TP-LAST/save 22 avril/pac-man/core.36951)
#
# If you would like to submit a bug report, please visit:
#   https://github.com/adoptium/adoptium-support/issues
#

---------------  S U M M A R Y ------------

Command Line: --add-modules=ALL-SYSTEM --add-opens=java.base/java.util=ALL-UNNAMED --add-opens=java.base/java.lang=ALL-UNNAMED --add-opens=java.base/sun.nio.fs=ALL-UNNAMED -Declipse.application=org.eclipse.jdt.ls.core.id1 -Dosgi.bundles.defaultStartLevel=4 -Declipse.product=org.eclipse.jdt.ls.core.product -Djava.import.generatesMetadataFilesAtProjectRoot=false -Dfile.encoding=utf8 -XX:+UseParallelGC -XX:GCTimeRatio=4 -XX:AdaptiveSizePolicyWeight=90 -Dsun.zip.disableMemoryMapping=true -Xmx1G -Xms100m -XX:+HeapDumpOnOutOfMemoryError -XX:HeapDumpPath=/home/root0/.config/Code/User/workspaceStorage/10701c8f32a857a452cc67334376beec/redhat.java /home/root0/.vscode/extensions/redhat.java-1.5.0/server/plugins/org.eclipse.equinox.launcher_1.6.400.v20210924-0641.jar -configuration /home/root0/.config/Code/User/globalStorage/redhat.java/1.5.0/config_linux -data /home/root0/.config/Code/User/workspaceStorage/10701c8f32a857a452cc67334376beec/redhat.java/jdt_ws

Host: AMD Ryzen 5 3500U with Radeon Vega Mobile Gfx, 8 cores, 5G, Fedora release 35 (Thirty Five)
Time: Fri May  6 20:14:30 2022 CEST elapsed time: 32108.666570 seconds (0d 8h 55m 8s)

---------------  T H R E A D  ---------------

Current thread (0x00007fb324006090):  GCTaskThread "GC Thread#6" [stack: 0x00007fb30e8ce000,0x00007fb30e9ce000] [id=36992]

Stack: [0x00007fb30e8ce000,0x00007fb30e9ce000],  sp=0x00007fb30e9ccb60,  free space=1018k
Native frames: (J=compiled Java code, j=interpreted, Vv=VM code, C=native code)
V  [libjvm.so+0xc9d6db]  PSCardTable::scavenge_contents_parallel(ObjectStartArray*, MutableSpace*, HeapWordImpl**, PSPromotionManager*, unsigned int, unsigned int)+0x43b
V  [libjvm.so+0xcbf1b4]  ScavengeRootsTask::work(unsigned int)+0xd4
V  [libjvm.so+0xfb005c]  GangWorker::loop()+0x5c
V  [libjvm.so+0xfb00ae]
V  [libjvm.so+0xf062e2]  Thread::call_run()+0xe2
V  [libjvm.so+0xc40b81]  thread_native_entry(Thread*)+0xe1


siginfo: si_signo: 11 (SIGSEGV), si_code: 1 (SEGV_MAPERR), si_addr: 0x0000000000000008

Register to memory mapping:

RAX=0x00007fb349f87320: <offset 0x00000000015a1320> in /home/root0/.vscode/extensions/redhat.java-1.5.0/jre/17.0.2-linux-x86_64/lib/server/libjvm.so at 0x00007fb3489e6000
RBX=0x00007fb34403d7d0 points into unknown readable memory: 0x0000000000000000 | 00 00 00 00 00 00 00 00
RCX=0x0000000000000003 is an unknown value
RDX=0x00007fb331bff000 points into unknown readable memory: 0x0000000000000000 | 00 00 00 00 00 00 00 00
RSP=0x00007fb30e9ccb60 points into unknown readable memory: 0x00007fb34403d7d0 | d0 d7 03 44 b3 7f 00 00
RBP=0x00007fb30e9ccc30 points into unknown readable memory: 0x00007fb30e9ccd50 | 50 cd 9c 0e b3 7f 00 00
RSI=0x0000000000000038 is an unknown value
RDI=0x0 is NULL
R8 =0x0000000000000007 is an unknown value
R9 =0x0000000000000001 is an unknown value
R10=0x0000000000000014 is an unknown value
R11=0x00000000c6290390 is an oop: java.lang.String 
{0x00000000c6290390} - klass: 'java/lang/String'
 - string: "/modules/java.base/java/util/concurrent/ConcurrentSkipListMap$ValueSpliterator.class"
R12=
[error occurred during error reporting (printing register info), id 0xb, SIGSEGV (0xb) at pc=0x00007fb349648951]

Registers:
RAX=0x00007fb349f87320, RBX=0x00007fb34403d7d0, RCX=0x0000000000000003, RDX=0x00007fb331bff000
RSP=0x00007fb30e9ccb60, RBP=0x00007fb30e9ccc30, RSI=0x0000000000000038, RDI=0x0000000000000000
R8 =0x0000000000000007, R9 =0x0000000000000001, R10=0x0000000000000014, R11=0x00000000c6290390
R12=0x00000000c63109c0, R13=0x00007fb332230885, R14=0x00000000c63109f8, R15=0x00007fb332230901
RIP=0x00007fb3496836db, EFLAGS=0x0000000000010246, CSGSFS=0x002b000000000033, ERR=0x0000000000000004
  TRAPNO=0x000000000000000e

Top of Stack: (sp=0x00007fb30e9ccb60)
0x00007fb30e9ccb60:   00007fb34403d7d0 00007fb33223050b
0x00007fb30e9ccb70:   00007fb3441ceb80 00007fb3321ff080
0x00007fb30e9ccb80:   0000000000000080 00007fb3321ff000
0x00007fb30e9ccb90:   00000000c6310920 00000000d86d7d80 

Instructions: (pc=0x00007fb3496836db)
0x00007fb3496835db:   4c 89 f6 ff 90 00 01 00 00 e9 ae fe ff ff 0f 1f
0x00007fb3496835eb:   80 00 00 00 00 48 8b 45 a8 4d 89 ee 48 8b 4b 78
0x00007fb3496835fb:   48 8b 7b 70 4c 2b 70 40 49 c1 e6 09 49 83 ee 08
0x00007fb34968360b:   4c 89 f0 48 c1 e8 09 48 01 c8 48 39 f8 0f 83 72
0x00007fb34968361b:   01 00 00 4c 8b 63 50 4d 39 e6 73 61 48 83 e8 01
0x00007fb34968362b:   48 89 c6 48 29 ce 48 89 f1 48 c1 e1 09 eb 1a 66
0x00007fb34968363b:   0f 1f 44 00 00 4c 8b 63 50 48 83 e8 01 48 81 e9
0x00007fb34968364b:   00 02 00 00 4d 39 e6 73 34 48 39 c7 77 e7 48 0f
0x00007fb34968365b:   be 10 80 fa ff 4c 8d 24 d1 75 de 48 8b 73 58 48
0x00007fb34968366b:   8b 53 50 48 83 e8 01 48 81 e9 00 02 00 00 4c 8d
0x00007fb34968367b:   24 f2 4d 39 e6 72 d2 66 0f 1f 44 00 00 48 8d 05
0x00007fb34968368b:   9e a9 94 00 44 0f b6 08 eb 2c 0f 1f 00 49 8b 7c
0x00007fb34968369b:   24 08 8b 4f 08 83 f9 00 7e 3e f6 c1 01 0f 85 c2
0x00007fb3496836ab:   00 00 00 89 c8 c1 f8 03 48 98 49 8d 04 c4 49 39
0x00007fb3496836bb:   c6 72 72 49 89 c4 45 84 c9 74 d2 48 8d 05 53 3c
0x00007fb3496836cb:   90 00 41 8b 7c 24 08 8b 48 08 48 d3 e7 48 03 38
0x00007fb3496836db:   8b 4f 08 83 f9 00 7f c2 0f 84 87 00 00 00 48 8d
0x00007fb3496836eb:   05 3c 46 90 00 41 80 f9 01 48 19 ff 83 e7 04 8b
0x00007fb3496836fb:   10 89 c8 c1 f8 10 0f b6 c0 8d 72 ff f7 da 48 63
0x00007fb34968370b:   f6 48 01 c6 49 63 44 3c 0c 48 d3 e0 48 63 ca 48
0x00007fb34968371b:   01 f0 48 21 c8 48 c1 e8 03 48 98 49 8d 04 c4 49
0x00007fb34968372b:   39 c6 73 8f 90 45 84 c9 0f 85 97 00 00 00 49 8b
0x00007fb34968373b:   7c 24 08 8b 47 08 83 f8 00 0f 8e a7 00 00 00 a8
0x00007fb34968374b:   01 75 6a c1 f8 03 48 98 48 8b 75 a8 49 8d 04 c4
0x00007fb34968375b:   48 c1 e8 09 48 03 46 40 49 39 c5 4c 0f 42 e8 e9
0x00007fb34968376b:   21 fe ff ff 90 48 8b 07 4c 89 e6 ff 90 00 01 00
0x00007fb34968377b:   00 48 8d 35 aa a8 94 00 44 0f b6 0e e9 27 ff ff
0x00007fb34968378b:   ff 0f 1f 40 00 48 0f be 30 40 80 fe ff 0f 84 aa
0x00007fb34968379b:   00 00 00 4d 89 f1 49 81 e1 00 fe ff ff 4d 8d 24
0x00007fb3496837ab:   f1 e9 71 fe ff ff 0f 1f 80 00 00 00 00 48 8b 07
0x00007fb3496837bb:   4c 89 e6 ff 90 00 01 00 00 eb 8b 66 2e 0f 1f 84
0x00007fb3496837cb:   00 00 00 00 00 48 8d 05 49 3b 90 00 41 8b 7c 24 


Stack slot to memory mapping:
stack at sp + 0 slots: 0x00007fb34403d7d0 points into unknown readable memory: 0x0000000000000000 | 00 00 00 00 00 00 00 00
stack at sp + 1 slots: 0x00007fb33223050b points into unknown readable memory: ff ff ff ff ff
stack at sp + 2 slots: 0x00007fb3441ceb80 points into unknown readable memory: 0x00007fb349f7e408 | 08 e4 f7 49 b3 7f 00 00
stack at sp + 3 slots: 0x00007fb3321ff080 points into unknown readable memory: 0xffffffffffffff00 | 00 ff ff ff ff ff ff ff
stack at sp + 4 slots: 0x0000000000000080 is an unknown value
stack at sp + 5 slots: 0x00007fb3321ff000 points into unknown readable memory: 0xffffffffffffff00 | 00 ff ff ff ff ff ff ff
stack at sp + 6 slots: 
[error occurred during error reporting (inspecting top of stack), id 0xb, SIGSEGV (0xb) at pc=0x00007fb349648951]


---------------  P R O C E S S  ---------------

Threads class SMR info:
_java_thread_list=0x00007fb27c068090, length=23, elements={
0x00007fb344023ef0, 0x00007fb3441e4700, 0x00007fb3441e5c70, 0x00007fb34420d070,
0x00007fb344210980, 0x00007fb3442118d0, 0x00007fb344212f20, 0x00007fb3442143d0,
0x00007fb34421d800, 0x00007fb34429b050, 0x00007fb3442f6710, 0x00007fb34459b6d0,
0x00007fb3445edc20, 0x00007fb3445f0440, 0x00007fb2dc02fc30, 0x00007fb2dc267b50,
0x00007fb2dc30a5b0, 0x00007fb2dc317410, 0x00007fb2dc557ce0, 0x00007fb3446357a0,
0x00007fb3446cefc0, 0x00007fb28c112a90, 0x00007fb29c001810
}

Java Threads: ( => current thread )
  0x00007fb344023ef0 JavaThread "main" [_thread_blocked, id=36952, stack(0x00007fb348805000,0x00007fb348905000)]
  0x00007fb3441e4700 JavaThread "Reference Handler" daemon [_thread_blocked, id=36957, stack(0x00007fb3295db000,0x00007fb3296db000)]
  0x00007fb3441e5c70 JavaThread "Finalizer" daemon [_thread_blocked, id=36958, stack(0x00007fb3294db000,0x00007fb3295db000)]
  0x00007fb34420d070 JavaThread "Signal Dispatcher" daemon [_thread_blocked, id=36959, stack(0x00007fb3293db000,0x00007fb3294db000)]
  0x00007fb344210980 JavaThread "Service Thread" daemon [_thread_blocked, id=36960, stack(0x00007fb3292db000,0x00007fb3293db000)]
  0x00007fb3442118d0 JavaThread "Monitor Deflation Thread" daemon [_thread_blocked, id=36961, stack(0x00007fb3291db000,0x00007fb3292db000)]
  0x00007fb344212f20 JavaThread "C2 CompilerThread0" daemon [_thread_blocked, id=36962, stack(0x00007fb3290db000,0x00007fb3291db000)]
  0x00007fb3442143d0 JavaThread "C1 CompilerThread0" daemon [_thread_blocked, id=36963, stack(0x00007fb328fdb000,0x00007fb3290db000)]
  0x00007fb34421d800 JavaThread "Sweeper thread" daemon [_thread_blocked, id=36964, stack(0x00007fb328edb000,0x00007fb328fdb000)]
  0x00007fb34429b050 JavaThread "Common-Cleaner" daemon [_thread_blocked, id=36967, stack(0x00007fb328ddb000,0x00007fb328edb000)]
  0x00007fb3442f6710 JavaThread "Notification Thread" daemon [_thread_blocked, id=36968, stack(0x00007fb328cdb000,0x00007fb328ddb000)]
  0x00007fb34459b6d0 JavaThread "Active Thread: Equinox Container: b45ceb3b-8e0d-406b-b0ae-0f9033c8c331" [_thread_blocked, id=36975, stack(0x00007fb3286b0000,0x00007fb3287b0000)]
  0x00007fb3445edc20 JavaThread "Framework Event Dispatcher: Equinox Container: b45ceb3b-8e0d-406b-b0ae-0f9033c8c331" daemon [_thread_blocked, id=36985, stack(0x00007fb3285b0000,0x00007fb3286b0000)]
  0x00007fb3445f0440 JavaThread "Start Level: Equinox Container: b45ceb3b-8e0d-406b-b0ae-0f9033c8c331" daemon [_thread_blocked, id=36986, stack(0x00007fb3284b0000,0x00007fb3285b0000)]
  0x00007fb2dc02fc30 JavaThread "SCR Component Actor" daemon [_thread_blocked, id=36993, stack(0x00007fb30dcef000,0x00007fb30ddef000)]
  0x00007fb2dc267b50 JavaThread "Worker-JM" [_thread_blocked, id=36999, stack(0x00007fb30daef000,0x00007fb30dbef000)]
  0x00007fb2dc30a5b0 JavaThread "Worker-0" [_thread_blocked, id=37002, stack(0x00007fb30d9ef000,0x00007fb30daef000)]
  0x00007fb2dc317410 JavaThread "Worker-1" [_thread_blocked, id=37004, stack(0x00007fb30d8ef000,0x00007fb30d9ef000)]
  0x00007fb2dc557ce0 JavaThread "Java indexing" daemon [_thread_blocked, id=37008, stack(0x00007fb30cdfe000,0x00007fb30cefe000)]
  0x00007fb3446357a0 JavaThread "pool-3-thread-1" [_thread_blocked, id=37010, stack(0x00007fb30caef000,0x00007fb30cbef000)]
  0x00007fb3446cefc0 JavaThread "pool-2-thread-1" [_thread_in_native, id=37012, stack(0x00007fb30c9ef000,0x00007fb30caef000)]
  0x00007fb28c112a90 JavaThread "Bundle File Closer" daemon [_thread_blocked, id=37051, stack(0x00007fb2a7e00000,0x00007fb2a7f00000)]
  0x00007fb29c001810 JavaThread "process reaper" daemon [_thread_blocked, id=63003, stack(0x00007fb330006000,0x00007fb330028000)]

Other Threads:
  0x00007fb3441d4730 VMThread "VM Thread" [stack: 0x00007fb3296dd000,0x00007fb3297dd000] [id=36956]
  0x00007fb34406f590 WatcherThread [stack: 0x00007fb328bdb000,0x00007fb328cdb000] [id=36969]
  0x00007fb34403bfe0 GCTaskThread "GC Thread#0" [stack: 0x00007fb3480df000,0x00007fb3481df000] [id=36954]
  0x00007fb324001260 GCTaskThread "GC Thread#1" [stack: 0x00007fb3283b0000,0x00007fb3284b0000] [id=36987]
  0x00007fb324001c60 GCTaskThread "GC Thread#2" [stack: 0x00007fb3282ae000,0x00007fb3283ae000] [id=36988]
  0x00007fb324002a50 GCTaskThread "GC Thread#3" [stack: 0x00007fb3281ac000,0x00007fb3282ac000] [id=36989]
  0x00007fb324004d30 GCTaskThread "GC Thread#4" [stack: 0x00007fb3280aa000,0x00007fb3281aa000] [id=36990]
  0x00007fb3240056e0 GCTaskThread "GC Thread#5" [stack: 0x00007fb30e9d0000,0x00007fb30ead0000] [id=36991]
=>0x00007fb324006090 GCTaskThread "GC Thread#6" [stack: 0x00007fb30e8ce000,0x00007fb30e9ce000] [id=36992]
  0x00007fb324003f70 GCTaskThread "GC Thread#7" [stack: 0x00007fb30cf00000,0x00007fb30d000000] [id=37006]

Threads with active compile tasks:

VM state: at safepoint (normal execution)

VM Mutex/Monitor currently owned by a thread:  ([mutex/lock_event])
[0x00007fb344021130] Threads_lock - owner thread: 0x00007fb3441d4730
[0x00007fb3440218e0] Heap_lock - owner thread: 0x00007fb3446357a0

Heap address: 0x00000000c0000000, size: 1024 MB, Compressed Oops mode: 32-bit

CDS archive(s) not mapped
Compressed class space mapped at: 0x0000000100000000-0x0000000140000000, reserved size: 1073741824
Narrow klass base: 0x0000000000000000, Narrow klass shift: 3, Narrow klass range: 0x140000000

GC Precious Log:
 CPUs: 8 total, 8 available
 Memory: 5930M
 Large Page Support: Disabled
 NUMA Support: Disabled
 Compressed Oops: Enabled (32-bit)
 Alignments: Space 512K, Generation 512K, Heap 2M
 Heap Min Capacity: 100M
 Heap Initial Capacity: 100M
 Heap Max Capacity: 1G
 Pre-touch: Disabled
 Parallel Workers: 8

Heap:
 PSYoungGen      total 50176K, used 50036K [0x00000000eab00000, 0x00000000ef380000, 0x0000000100000000)
  eden space 48128K, 99% used [0x00000000eab00000,0x00000000ed9ff4f0,0x00000000eda00000)
  from space 2048K, 93% used [0x00000000ef100000,0x00000000ef2dde50,0x00000000ef300000)
  to   space 512K, 99% used [0x00000000ef300000,0x00000000ef37ef20,0x00000000ef380000)
 ParOldGen       total 406016K, used 400363K [0x00000000c0000000, 0x00000000d8c80000, 0x00000000eab00000)
  object space 406016K, 98% used [0x00000000c0000000,0x00000000d86facb0,0x00000000d8c80000)
 Metaspace       used 72078K, committed 72896K, reserved 1122304K
  class space    used 7621K, committed 8000K, reserved 1048576K

Card table byte_map: [0x00007fb3321ff000,0x00007fb332400000] _byte_map_base: 0x00007fb331bff000

Marking Bits: (ParMarkBitMap*) 0x00007fb349fe94a0
 Begin Bits: [0x00007fb3300a9000, 0x00007fb3310a9000)
 End Bits:   [0x00007fb3310a9000, 0x00007fb3320a9000)

Polling page: 0x00007fb34a460000

Metaspace:

Usage:
  Non-class:     62,95 MB used.
      Class:      7,44 MB used.
       Both:     70,39 MB used.

Virtual space:
  Non-class space:       72,00 MB reserved,      63,38 MB ( 88%) committed,  9 nodes.
      Class space:        1,00 GB reserved,       7,81 MB ( <1%) committed,  1 nodes.
             Both:        1,07 GB reserved,      71,19 MB (  6%) committed. 

Chunk freelists:
   Non-Class:  3,88 MB
       Class:  128,00 KB
        Both:  4,00 MB

MaxMetaspaceSize: unlimited
CompressedClassSpaceSize: 1,00 GB
Initial GC threshold: 21,00 MB
Current GC threshold: 104,31 MB
CDS: off
MetaspaceReclaimPolicy: balanced
 - commit_granule_bytes: 65536.
 - commit_granule_words: 8192.
 - virtual_space_node_default_size: 1048576.
 - enlarge_chunks_in_place: 1.
 - new_chunks_are_fully_committed: 0.
 - uncommit_free_chunks: 1.
 - use_allocation_guard: 0.
 - handle_deallocations: 1.


Internal statistics:

num_allocs_failed_limit: 6.
num_arena_births: 454.
num_arena_deaths: 0.
num_vsnodes_births: 10.
num_vsnodes_deaths: 0.
num_space_committed: 1139.
num_space_uncommitted: 0.
num_chunks_returned_to_freelist: 6.
num_chunks_taken_from_freelist: 2980.
num_chunk_merges: 3.
num_chunk_splits: 1970.
num_chunks_enlarged: 1337.
num_purges: 0.
num_inconsistent_stats: 0.

CodeHeap 'non-profiled nmethods': size=120028Kb used=7576Kb max_used=7576Kb free=112451Kb
 bounds [0x00007fb339ec9000, 0x00007fb33a639000, 0x00007fb341400000]
CodeHeap 'profiled nmethods': size=120028Kb used=20762Kb max_used=20762Kb free=99266Kb
 bounds [0x00007fb332992000, 0x00007fb333e12000, 0x00007fb339ec9000]
CodeHeap 'non-nmethods': size=5704Kb used=1379Kb max_used=1452Kb free=4324Kb
 bounds [0x00007fb332400000, 0x00007fb332670000, 0x00007fb332992000]
 total_blobs=10547 nmethods=9827 adapters=633
 compilation: enabled
              stopped_count=0, restarted_count=0
 full_count=0

Compilation events (20 events):
Event: 26416,150 Thread 0x00007fb3442143d0 13743  s!   3       java.io.FileDescriptor::closeAll (163 bytes)
Event: 26416,153 Thread 0x00007fb3442143d0 nmethod 13743 0x00007fb333afef10 code [0x00007fb333aff1a0, 0x00007fb333afffe0]
Event: 26696,264 Thread 0x00007fb344212f20 13744   !   4       java.io.FileInputStream::close (69 bytes)
Event: 26696,279 Thread 0x00007fb344212f20 nmethod 13744 0x00007fb33a629d10 code [0x00007fb33a629ee0, 0x00007fb33a62a728]
Event: 26706,268 Thread 0x00007fb344212f20 13745       4       java.io.FileInputStream::available (5 bytes)
Event: 26706,269 Thread 0x00007fb344212f20 nmethod 13745 0x00007fb33a62ab10 code [0x00007fb33a62aca0, 0x00007fb33a62ad48]
Event: 27176,455 Thread 0x00007fb344212f20 13746       4       java.lang.ProcessImpl::toCString (36 bytes)
Event: 27176,464 Thread 0x00007fb344212f20 nmethod 13746 0x00007fb33a62ae10 code [0x00007fb33a62afe0, 0x00007fb33a62b578]
Event: 27176,464 Thread 0x00007fb344212f20 13747       4       java.io.FileInputStream::<init> (59 bytes)
Event: 27176,468 Thread 0x00007fb344212f20 nmethod 13747 0x00007fb33a62b890 code [0x00007fb33a62ba20, 0x00007fb33a62bcf8]
Event: 27303,949 Thread 0x00007fb3442143d0 13748       3       sun.security.provider.SHA::implCompress0 (506 bytes)
Event: 27303,950 Thread 0x00007fb3442143d0 nmethod 13748 0x00007fb333ce4e10 code [0x00007fb333ce5040, 0x00007fb333ce5a40]
Event: 27706,675 Thread 0x00007fb344212f20 13749       4       java.util.StringTokenizer::setMaxDelimCodePoint (156 bytes)
Event: 27706,689 Thread 0x00007fb344212f20 nmethod 13749 0x00007fb33a62be90 code [0x00007fb33a62c020, 0x00007fb33a62c2d8]
Event: 27726,686 Thread 0x00007fb344212f20 13750   !   4       java.util.concurrent.SynchronousQueue$TransferStack::transfer (541 bytes)
Event: 27726,710 Thread 0x00007fb344212f20 nmethod 13750 0x00007fb33a62c410 code [0x00007fb33a62c620, 0x00007fb33a62d140]
Event: 27816,723 Thread 0x00007fb344212f20 13751  s!   4       java.lang.ProcessImpl$ProcessPipeInputStream::processExited (64 bytes)
Event: 27816,737 Thread 0x00007fb344212f20 nmethod 13751 0x00007fb33a62db90 code [0x00007fb33a62dd80, 0x00007fb33a62ead0]
Event: 29104,051 Thread 0x00007fb3442143d0 13752       3       org.eclipse.core.internal.jobs.JobChangeEvent::<init> (32 bytes)
Event: 29104,053 Thread 0x00007fb3442143d0 nmethod 13752 0x00007fb333653410 code [0x00007fb3336535c0, 0x00007fb333653770]

GC Heap History (20 events):
Event: 20575,905 GC heap after
{Heap after GC invocations=124 (full 10):
 PSYoungGen      total 64000K, used 6233K [0x00000000eab00000, 0x00000000f0100000, 0x0000000100000000)
  eden space 57344K, 0% used [0x00000000eab00000,0x00000000eab00000,0x00000000ee300000)
  from space 6656K, 93% used [0x00000000efa80000,0x00000000f0096710,0x00000000f0100000)
  to   space 6656K, 0% used [0x00000000ef400000,0x00000000ef400000,0x00000000efa80000)
 ParOldGen       total 406016K, used 390578K [0x00000000c0000000, 0x00000000d8c80000, 0x00000000eab00000)
  object space 406016K, 96% used [0x00000000c0000000,0x00000000d7d6ca78,0x00000000d8c80000)
 Metaspace       used 71617K, committed 72448K, reserved 1114112K
  class space    used 7618K, committed 8000K, reserved 1048576K
}
Event: 20579,586 GC heap before
{Heap before GC invocations=125 (full 10):
 PSYoungGen      total 64000K, used 63577K [0x00000000eab00000, 0x00000000f0100000, 0x0000000100000000)
  eden space 57344K, 100% used [0x00000000eab00000,0x00000000ee300000,0x00000000ee300000)
  from space 6656K, 93% used [0x00000000efa80000,0x00000000f0096710,0x00000000f0100000)
  to   space 6656K, 0% used [0x00000000ef400000,0x00000000ef400000,0x00000000efa80000)
 ParOldGen       total 406016K, used 390578K [0x00000000c0000000, 0x00000000d8c80000, 0x00000000eab00000)
  object space 406016K, 96% used [0x00000000c0000000,0x00000000d7d6ca78,0x00000000d8c80000)
 Metaspace       used 71647K, committed 72512K, reserved 1114112K
  class space    used 7618K, committed 8000K, reserved 1048576K
}
Event: 20579,594 GC heap after
{Heap after GC invocations=125 (full 10):
 PSYoungGen      total 61952K, used 5189K [0x00000000eab00000, 0x00000000efb00000, 0x0000000100000000)
  eden space 56320K, 0% used [0x00000000eab00000,0x00000000eab00000,0x00000000ee200000)
  from space 5632K, 92% used [0x00000000ef400000,0x00000000ef911640,0x00000000ef980000)
  to   space 1536K, 0% used [0x00000000ef980000,0x00000000ef980000,0x00000000efb00000)
 ParOldGen       total 406016K, used 390586K [0x00000000c0000000, 0x00000000d8c80000, 0x00000000eab00000)
  object space 406016K, 96% used [0x00000000c0000000,0x00000000d7d6ea78,0x00000000d8c80000)
 Metaspace       used 71647K, committed 72512K, reserved 1114112K
  class space    used 7618K, committed 8000K, reserved 1048576K
}
Event: 20584,017 GC heap before
{Heap before GC invocations=126 (full 10):
 PSYoungGen      total 61952K, used 61509K [0x00000000eab00000, 0x00000000efb00000, 0x0000000100000000)
  eden space 56320K, 100% used [0x00000000eab00000,0x00000000ee200000,0x00000000ee200000)
  from space 5632K, 92% used [0x00000000ef400000,0x00000000ef911640,0x00000000ef980000)
  to   space 1536K, 0% used [0x00000000ef980000,0x00000000ef980000,0x00000000efb00000)
 ParOldGen       total 406016K, used 390586K [0x00000000c0000000, 0x00000000d8c80000, 0x00000000eab00000)
  object space 406016K, 96% used [0x00000000c0000000,0x00000000d7d6ea78,0x00000000d8c80000)
 Metaspace       used 71700K, committed 72576K, reserved 1114112K
  class space    used 7618K, committed 8000K, reserved 1048576K
}
Event: 20584,023 GC heap after
{Heap after GC invocations=126 (full 10):
 PSYoungGen      total 56832K, used 1535K [0x00000000eab00000, 0x00000000efb00000, 0x0000000100000000)
  eden space 55296K, 0% used [0x00000000eab00000,0x00000000eab00000,0x00000000ee100000)
  from space 1536K, 99% used [0x00000000ef980000,0x00000000efaffc20,0x00000000efb00000)
  to   space 6656K, 0% used [0x00000000eee00000,0x00000000eee00000,0x00000000ef480000)
 ParOldGen       total 406016K, used 395207K [0x00000000c0000000, 0x00000000d8c80000, 0x00000000eab00000)
  object space 406016K, 97% used [0x00000000c0000000,0x00000000d81f1ea0,0x00000000d8c80000)
 Metaspace       used 71700K, committed 72576K, reserved 1114112K
  class space    used 7618K, committed 8000K, reserved 1048576K
}
Event: 20585,468 GC heap before
{Heap before GC invocations=127 (full 10):
 PSYoungGen      total 56832K, used 56831K [0x00000000eab00000, 0x00000000efb00000, 0x0000000100000000)
  eden space 55296K, 100% used [0x00000000eab00000,0x00000000ee100000,0x00000000ee100000)
  from space 1536K, 99% used [0x00000000ef980000,0x00000000efaffc20,0x00000000efb00000)
  to   space 6656K, 0% used [0x00000000eee00000,0x00000000eee00000,0x00000000ef480000)
 ParOldGen       total 406016K, used 395207K [0x00000000c0000000, 0x00000000d8c80000, 0x00000000eab00000)
  object space 406016K, 97% used [0x00000000c0000000,0x00000000d81f1ea0,0x00000000d8c80000)
 Metaspace       used 71771K, committed 72640K, reserved 1114112K
  class space    used 7620K, committed 8000K, reserved 1048576K
}
Event: 20585,475 GC heap after
{Heap after GC invocations=127 (full 10):
 PSYoungGen      total 60928K, used 3514K [0x00000000eab00000, 0x00000000efa00000, 0x0000000100000000)
  eden space 54272K, 0% used [0x00000000eab00000,0x00000000eab00000,0x00000000ee000000)
  from space 6656K, 52% used [0x00000000eee00000,0x00000000ef16eaf0,0x00000000ef480000)
  to   space 4608K, 0% used [0x00000000ef580000,0x00000000ef580000,0x00000000efa00000)
 ParOldGen       total 406016K, used 396769K [0x00000000c0000000, 0x00000000d8c80000, 0x00000000eab00000)
  object space 406016K, 97% used [0x00000000c0000000,0x00000000d8378438,0x00000000d8c80000)
 Metaspace       used 71771K, committed 72640K, reserved 1114112K
  class space    used 7620K, committed 8000K, reserved 1048576K
}
Event: 20586,279 GC heap before
{Heap before GC invocations=128 (full 10):
 PSYoungGen      total 60928K, used 57786K [0x00000000eab00000, 0x00000000efa00000, 0x0000000100000000)
  eden space 54272K, 100% used [0x00000000eab00000,0x00000000ee000000,0x00000000ee000000)
  from space 6656K, 52% used [0x00000000eee00000,0x00000000ef16eaf0,0x00000000ef480000)
  to   space 4608K, 0% used [0x00000000ef580000,0x00000000ef580000,0x00000000efa00000)
 ParOldGen       total 406016K, used 396769K [0x00000000c0000000, 0x00000000d8c80000, 0x00000000eab00000)
  object space 406016K, 97% used [0x00000000c0000000,0x00000000d8378438,0x00000000d8c80000)
 Metaspace       used 71798K, committed 72704K, reserved 1114112K
  class space    used 7621K, committed 8000K, reserved 1048576K
}
Event: 20586,284 GC heap after
{Heap after GC invocations=128 (full 10):
 PSYoungGen      total 57344K, used 3971K [0x00000000eab00000, 0x00000000ef980000, 0x0000000100000000)
  eden space 53248K, 0% used [0x00000000eab00000,0x00000000eab00000,0x00000000edf00000)
  from space 4096K, 96% used [0x00000000ef580000,0x00000000ef960d20,0x00000000ef980000)
  to   space 4096K, 0% used [0x00000000ef180000,0x00000000ef180000,0x00000000ef580000)
 ParOldGen       total 406016K, used 396777K [0x00000000c0000000, 0x00000000d8c80000, 0x00000000eab00000)
  object space 406016K, 97% used [0x00000000c0000000,0x00000000d837a438,0x00000000d8c80000)
 Metaspace       used 71798K, committed 72704K, reserved 1114112K
  class space    used 7621K, committed 8000K, reserved 1048576K
}
Event: 20587,074 GC heap before
{Heap before GC invocations=129 (full 10):
 PSYoungGen      total 57344K, used 57219K [0x00000000eab00000, 0x00000000ef980000, 0x0000000100000000)
  eden space 53248K, 100% used [0x00000000eab00000,0x00000000edf00000,0x00000000edf00000)
  from space 4096K, 96% used [0x00000000ef580000,0x00000000ef960d20,0x00000000ef980000)
  to   space 4096K, 0% used [0x00000000ef180000,0x00000000ef180000,0x00000000ef580000)
 ParOldGen       total 406016K, used 396777K [0x00000000c0000000, 0x00000000d8c80000, 0x00000000eab00000)
  object space 406016K, 97% used [0x00000000c0000000,0x00000000d837a438,0x00000000d8c80000)
 Metaspace       used 71830K, committed 72704K, reserved 1114112K
  class space    used 7621K, committed 8000K, reserved 1048576K
}
Event: 20587,081 GC heap after
{Heap after GC invocations=129 (full 10):
 PSYoungGen      total 56320K, used 4003K [0x00000000eab00000, 0x00000000ef600000, 0x0000000100000000)
  eden space 52224K, 0% used [0x00000000eab00000,0x00000000eab00000,0x00000000ede00000)
  from space 4096K, 97% used [0x00000000ef180000,0x00000000ef568d20,0x00000000ef580000)
  to   space 512K, 0% used [0x00000000ef580000,0x00000000ef580000,0x00000000ef600000)
 ParOldGen       total 406016K, used 396777K [0x00000000c0000000, 0x00000000d8c80000, 0x00000000eab00000)
  object space 406016K, 97% used [0x00000000c0000000,0x00000000d837a438,0x00000000d8c80000)
 Metaspace       used 71830K, committed 72704K, reserved 1114112K
  class space    used 7621K, committed 8000K, reserved 1048576K
}
Event: 20591,820 GC heap before
{Heap before GC invocations=130 (full 10):
 PSYoungGen      total 56320K, used 56227K [0x00000000eab00000, 0x00000000ef600000, 0x0000000100000000)
  eden space 52224K, 100% used [0x00000000eab00000,0x00000000ede00000,0x00000000ede00000)
  from space 4096K, 97% used [0x00000000ef180000,0x00000000ef568d20,0x00000000ef580000)
  to   space 512K, 0% used [0x00000000ef580000,0x00000000ef580000,0x00000000ef600000)
 ParOldGen       total 406016K, used 396777K [0x00000000c0000000, 0x00000000d8c80000, 0x00000000eab00000)
  object space 406016K, 97% used [0x00000000c0000000,0x00000000d837a438,0x00000000d8c80000)
 Metaspace       used 71886K, committed 72768K, reserved 1114112K
  class space    used 7621K, committed 8000K, reserved 1048576K
}
Event: 20591,827 GC heap after
{Heap after GC invocations=130 (full 10):
 PSYoungGen      total 51712K, used 507K [0x00000000eab00000, 0x00000000ef600000, 0x0000000100000000)
  eden space 51200K, 0% used [0x00000000eab00000,0x00000000eab00000,0x00000000edd00000)
  from space 512K, 99% used [0x00000000ef580000,0x00000000ef5fef30,0x00000000ef600000)
  to   space 4096K, 0% used [0x00000000eee00000,0x00000000eee00000,0x00000000ef200000)
 ParOldGen       total 406016K, used 400183K [0x00000000c0000000, 0x00000000d8c80000, 0x00000000eab00000)
  object space 406016K, 98% used [0x00000000c0000000,0x00000000d86cdd80,0x00000000d8c80000)
 Metaspace       used 71886K, committed 72768K, reserved 1114112K
  class space    used 7621K, committed 8000K, reserved 1048576K
}
Event: 20596,728 GC heap before
{Heap before GC invocations=131 (full 10):
 PSYoungGen      total 51712K, used 51707K [0x00000000eab00000, 0x00000000ef600000, 0x0000000100000000)
  eden space 51200K, 100% used [0x00000000eab00000,0x00000000edd00000,0x00000000edd00000)
  from space 512K, 99% used [0x00000000ef580000,0x00000000ef5fef30,0x00000000ef600000)
  to   space 4096K, 0% used [0x00000000eee00000,0x00000000eee00000,0x00000000ef200000)
 ParOldGen       total 406016K, used 400183K [0x00000000c0000000, 0x00000000d8c80000, 0x00000000eab00000)
  object space 406016K, 98% used [0x00000000c0000000,0x00000000d86cdd80,0x00000000d8c80000)
 Metaspace       used 71937K, committed 72832K, reserved 1122304K
  class space    used 7621K, committed 8000K, reserved 1048576K
}
Event: 20596,734 GC heap after
{Heap after GC invocations=131 (full 10):
 PSYoungGen      total 54272K, used 1903K [0x00000000eab00000, 0x00000000ef600000, 0x0000000100000000)
  eden space 50176K, 0% used [0x00000000eab00000,0x00000000eab00000,0x00000000edc00000)
  from space 4096K, 46% used [0x00000000eee00000,0x00000000eefdbc20,0x00000000ef200000)
  to   space 3072K, 0% used [0x00000000ef300000,0x00000000ef300000,0x00000000ef600000)
 ParOldGen       total 406016K, used 400215K [0x00000000c0000000, 0x00000000d8c80000, 0x00000000eab00000)
  object space 406016K, 98% used [0x00000000c0000000,0x00000000d86d5d80,0x00000000d8c80000)
 Metaspace       used 71937K, committed 72832K, reserved 1122304K
  class space    used 7621K, committed 8000K, reserved 1048576K
}
Event: 20598,741 GC heap before
{Heap before GC invocations=132 (full 10):
 PSYoungGen      total 54272K, used 52079K [0x00000000eab00000, 0x00000000ef600000, 0x0000000100000000)
  eden space 50176K, 100% used [0x00000000eab00000,0x00000000edc00000,0x00000000edc00000)
  from space 4096K, 46% used [0x00000000eee00000,0x00000000eefdbc20,0x00000000ef200000)
  to   space 3072K, 0% used [0x00000000ef300000,0x00000000ef300000,0x00000000ef600000)
 ParOldGen       total 406016K, used 400215K [0x00000000c0000000, 0x00000000d8c80000, 0x00000000eab00000)
  object space 406016K, 98% used [0x00000000c0000000,0x00000000d86d5d80,0x00000000d8c80000)
 Metaspace       used 72011K, committed 72896K, reserved 1122304K
  class space    used 7621K, committed 8000K, reserved 1048576K
}
Event: 20598,746 GC heap after
{Heap after GC invocations=132 (full 10):
 PSYoungGen      total 51200K, used 1747K [0x00000000eab00000, 0x00000000ef500000, 0x0000000100000000)
  eden space 49152K, 0% used [0x00000000eab00000,0x00000000eab00000,0x00000000edb00000)
  from space 2048K, 85% used [0x00000000ef300000,0x00000000ef4b4d70,0x00000000ef500000)
  to   space 2048K, 0% used [0x00000000ef100000,0x00000000ef100000,0x00000000ef300000)
 ParOldGen       total 406016K, used 400223K [0x00000000c0000000, 0x00000000d8c80000, 0x00000000eab00000)
  object space 406016K, 98% used [0x00000000c0000000,0x00000000d86d7d80,0x00000000d8c80000)
 Metaspace       used 72011K, committed 72896K, reserved 1122304K
  class space    used 7621K, committed 8000K, reserved 1048576K
}
Event: 20911,791 GC heap before
{Heap before GC invocations=133 (full 10):
 PSYoungGen      total 51200K, used 50899K [0x00000000eab00000, 0x00000000ef500000, 0x0000000100000000)
  eden space 49152K, 100% used [0x00000000eab00000,0x00000000edb00000,0x00000000edb00000)
  from space 2048K, 85% used [0x00000000ef300000,0x00000000ef4b4d70,0x00000000ef500000)
  to   space 2048K, 0% used [0x00000000ef100000,0x00000000ef100000,0x00000000ef300000)
 ParOldGen       total 406016K, used 400223K [0x00000000c0000000, 0x00000000d8c80000, 0x00000000eab00000)
  object space 406016K, 98% used [0x00000000c0000000,0x00000000d86d7d80,0x00000000d8c80000)
 Metaspace       used 72056K, committed 72896K, reserved 1122304K
  class space    used 7621K, committed 8000K, reserved 1048576K
}
Event: 20911,798 GC heap after
{Heap after GC invocations=133 (full 10):
 PSYoungGen      total 50176K, used 1911K [0x00000000eab00000, 0x00000000ef380000, 0x0000000100000000)
  eden space 48128K, 0% used [0x00000000eab00000,0x00000000eab00000,0x00000000eda00000)
  from space 2048K, 93% used [0x00000000ef100000,0x00000000ef2dde50,0x00000000ef300000)
  to   space 512K, 0% used [0x00000000ef300000,0x00000000ef300000,0x00000000ef380000)
 ParOldGen       total 406016K, used 400223K [0x00000000c0000000, 0x00000000d8c80000, 0x00000000eab00000)
  object space 406016K, 98% used [0x00000000c0000000,0x00000000d86d7d80,0x00000000d8c80000)
 Metaspace       used 72056K, committed 72896K, reserved 1122304K
  class space    used 7621K, committed 8000K, reserved 1048576K
}
Event: 32108,590 GC heap before
{Heap before GC invocations=134 (full 10):
 PSYoungGen      total 50176K, used 50036K [0x00000000eab00000, 0x00000000ef380000, 0x0000000100000000)
  eden space 48128K, 99% used [0x00000000eab00000,0x00000000ed9ff4f0,0x00000000eda00000)
  from space 2048K, 93% used [0x00000000ef100000,0x00000000ef2dde50,0x00000000ef300000)
  to   space 512K, 0% used [0x00000000ef300000,0x00000000ef300000,0x00000000ef380000)
 ParOldGen       total 406016K, used 400223K [0x00000000c0000000, 0x00000000d8c80000, 0x00000000eab00000)
  object space 406016K, 98% used [0x00000000c0000000,0x00000000d86d7d80,0x00000000d8c80000)
 Metaspace       used 72078K, committed 72896K, reserved 1122304K
  class space    used 7621K, committed 8000K, reserved 1048576K
}

Deoptimization events (20 events):
Event: 20911,900 Thread 0x00007fb26c000fe0 DEOPT PACKING pc=0x00007fb33a60d4fc sp=0x00007fb30dcec010
Event: 20911,900 Thread 0x00007fb26c000fe0 DEOPT UNPACKING pc=0x00007fb332451d99 sp=0x00007fb30dcebfe8 mode 2
Event: 20911,900 Thread 0x00007fb26c000fe0 Uncommon trap: trap_request=0xffffffbe fr.pc=0x00007fb33a60d4fc relative=0x000000000000153c
Event: 20911,900 Thread 0x00007fb26c000fe0 Uncommon trap: reason=profile_predicate action=maybe_recompile pc=0x00007fb33a60d4fc method=java.util.TimSort.mergeLo(IIII)V @ 270 c2
Event: 20911,900 Thread 0x00007fb26c000fe0 DEOPT PACKING pc=0x00007fb33a60d4fc sp=0x00007fb30dcebfb0
Event: 20911,900 Thread 0x00007fb26c000fe0 DEOPT UNPACKING pc=0x00007fb332451d99 sp=0x00007fb30dcebf88 mode 2
Event: 20911,900 Thread 0x00007fb26c000fe0 Uncommon trap: trap_request=0xffffffbe fr.pc=0x00007fb33a60d4fc relative=0x000000000000153c
Event: 20911,900 Thread 0x00007fb26c000fe0 Uncommon trap: reason=profile_predicate action=maybe_recompile pc=0x00007fb33a60d4fc method=java.util.TimSort.mergeLo(IIII)V @ 270 c2
Event: 20911,900 Thread 0x00007fb26c000fe0 DEOPT PACKING pc=0x00007fb33a60d4fc sp=0x00007fb30dcebfd0
Event: 20911,900 Thread 0x00007fb26c000fe0 DEOPT UNPACKING pc=0x00007fb332451d99 sp=0x00007fb30dcebfa8 mode 2
Event: 20912,026 Thread 0x00007fb26c000fe0 Uncommon trap: trap_request=0xffffffd6 fr.pc=0x00007fb33a5d084c relative=0x000000000000110c
Event: 20912,026 Thread 0x00007fb26c000fe0 Uncommon trap: reason=array_check action=maybe_recompile pc=0x00007fb33a5d084c method=java.util.TimSort.mergeLo(IIII)V @ 590 c2
Event: 20912,026 Thread 0x00007fb26c000fe0 DEOPT PACKING pc=0x00007fb33a5d084c sp=0x00007fb30dcec0d0
Event: 20912,026 Thread 0x00007fb26c000fe0 DEOPT UNPACKING pc=0x00007fb332451d99 sp=0x00007fb30dcec090 mode 2
Event: 20912,038 Thread 0x00007fb26c000fe0 Uncommon trap: trap_request=0xffffffe4 fr.pc=0x00007fb33a613b78 relative=0x00000000000001b8
Event: 20912,039 Thread 0x00007fb26c000fe0 Uncommon trap: reason=range_check action=make_not_entrant pc=0x00007fb33a613b78 method=org.eclipse.jdt.core.dom.ASTConverter.isPrimitiveType([C)Z @ 2 c2
Event: 20912,039 Thread 0x00007fb26c000fe0 DEOPT PACKING pc=0x00007fb33a613b78 sp=0x00007fb30dcec810
Event: 20912,039 Thread 0x00007fb26c000fe0 DEOPT UNPACKING pc=0x00007fb332451d99 sp=0x00007fb30dcec7b8 mode 2
Event: 27303,949 Thread 0x00007fb2dc317410 DEOPT PACKING pc=0x00007fb3333efd4d sp=0x00007fb30d9ed070
Event: 27303,949 Thread 0x00007fb2dc317410 DEOPT UNPACKING pc=0x00007fb33245252f sp=0x00007fb30d9ec508 mode 0

Classes unloaded (0 events):
No events

Classes redefined (0 events):
No events

Internal exceptions (20 events):
Event: 11,088 Thread 0x00007fb298000fe0 Exception <a 'java/io/FileNotFoundException'{0x00000000eada0338}> (0x00000000eada0338) 
thrown [src/hotspot/share/prims/jni.cpp, line 516]
Event: 11,657 Thread 0x00007fb2dc557ce0 Implicit null exception at 0x00007fb339f07acf to 0x00007fb339f07bcc
Event: 20,305 Thread 0x00007fb2dc557ce0 Exception <a 'sun/nio/fs/UnixException'{0x00000000ed812210}> (0x00000000ed812210) 
thrown [src/hotspot/share/prims/jni.cpp, line 516]
Event: 20,708 Thread 0x00007fb270001350 Exception <a 'java/lang/NoSuchMethodError'{0x00000000edd59af0}: 'void java.lang.invoke.DirectMethodHandle$Holder.invokeVirtual(java.lang.Object, java.lang.Object)'> (0x00000000edd59af0) 
thrown [src/hotspot/share/interpreter/linkResolver.cpp, line 766]
Event: 20,708 Thread 0x00007fb2940ad7b0 Exception <a 'java/lang/NoSuchMethodError'{0x00000000edd67310}: 'void java.lang.invoke.DirectMethodHandle$Holder.invokeVirtual(java.lang.Object, java.lang.Object)'> (0x00000000edd67310) 
thrown [src/hotspot/share/interpreter/linkResolver.cpp, line 766]
Event: 21,088 Thread 0x00007fb2940ad7b0 Exception <a 'java/lang/NoSuchMethodError'{0x00000000eb53e280}: 'int java.lang.invoke.DirectMethodHandle$Holder.invokeSpecialIFC(java.lang.Object, java.lang.Object, java.lang.Object, java.lang.Object)'> (0x00000000eb53e280) 
thrown [src/hotspot/share/interpreter/linkResolver.cpp, line 766]
Event: 20528,637 Thread 0x00007fb2700012c0 Implicit null exception at 0x00007fb339ee176c to 0x00007fb339ee2090
Event: 20528,698 Thread 0x00007fb2700012c0 Implicit null exception at 0x00007fb33a193abb to 0x00007fb33a193bf0
Event: 20554,838 Thread 0x00007fb3446cefc0 Implicit null exception at 0x00007fb33a1db950 to 0x00007fb33a1dc1e0
Event: 20554,921 Thread 0x00007fb2700012c0 Exception <a 'java/lang/NoSuchMethodError'{0x00000000eab91fb8}: 'java.lang.Object java.lang.invoke.DirectMethodHandle$Holder.invokeStatic(java.lang.Object, int, java.lang.Object, java.lang.Object, java.lang.Object, java.lang.Object)'> (0x00000000eab91fb8) 
thrown [src/hotspot/share/interpreter/linkResolver.cpp, line 766]
Event: 20561,027 Thread 0x00007fb2940ad7b0 Exception <a 'java/lang/NoSuchMethodError'{0x00000000ed686de0}: 'void java.lang.invoke.DirectMethodHandle$Holder.invokeSpecial(java.lang.Object, java.lang.Object, int)'> (0x00000000ed686de0) 
thrown [src/hotspot/share/interpreter/linkResolver.cpp, line 766]
Event: 20566,411 Thread 0x00007fb2940ad7b0 Implicit null exception at 0x00007fb33a276fcb to 0x00007fb33a277bdc
Event: 20567,512 Thread 0x00007fb2940ace60 Exception <a 'java/lang/NoSuchMethodError'{0x00000000eb648810}: 'java.lang.Object java.lang.invoke.DirectMethodHandle$Holder.invokeStatic(java.lang.Object, java.lang.Object, int)'> (0x00000000eb648810) 
thrown [src/hotspot/share/interpreter/linkResolver.cpp, line 766]
Event: 20567,514 Thread 0x00007fb2940ace60 Exception <a 'java/lang/NoSuchMethodError'{0x00000000eb64c100}: 'java.lang.Object java.lang.invoke.DirectMethodHandle$Holder.invokeStaticInit(java.lang.Object, java.lang.Object, int)'> (0x00000000eb64c100) 
thrown [src/hotspot/share/interpreter/linkResolver.cpp, line 766]
Event: 20567,519 Thread 0x00007fb2940ace60 Exception <a 'java/lang/NoSuchMethodError'{0x00000000eb669220}: 'int java.lang.invoke.DirectMethodHandle$Holder.invokeSpecialIFC(java.lang.Object, java.lang.Object, java.lang.Object)'> (0x00000000eb669220) 
thrown [src/hotspot/share/interpreter/linkResolver.cpp, line 766]
Event: 20567,708 Thread 0x00007fb2940ace60 Exception <a 'java/lang/NoSuchMethodError'{0x00000000eba04fc8}: 'void java.lang.invoke.DirectMethodHandle$Holder.invokeSpecial(java.lang.Object, java.lang.Object, java.lang.Object, java.lang.Object, java.lang.Object)'> (0x00000000eba04fc8) 
thrown [src/hotspot/share/interpreter/linkResolver.cpp, line 766]
Event: 20567,745 Thread 0x00007fb270042ad0 Exception <a 'java/lang/NoSuchMethodError'{0x00000000eb7525b8}: 'void java.lang.invoke.DirectMethodHandle$Holder.invokeStatic(java.lang.Object, java.lang.Object, int)'> (0x00000000eb7525b8) 
thrown [src/hotspot/share/interpreter/linkResolver.cpp, line 766]
Event: 20567,756 Thread 0x00007fb28c115ce0 Exception <a 'java/lang/NoSuchMethodError'{0x00000000eba9fa90}: 'int java.lang.invoke.DirectMethodHandle$Holder.invokeStaticInit(java.lang.Object, int, int)'> (0x00000000eba9fa90) 
thrown [src/hotspot/share/interpreter/linkResolver.cpp, line 766]
Event: 20568,027 Thread 0x00007fb28c115ce0 Exception <a 'java/lang/NoSuchMethodError'{0x00000000ebbed4d8}: 'void java.lang.invoke.DirectMethodHandle$Holder.invokeInterface(java.lang.Object, java.lang.Object)'> (0x00000000ebbed4d8) 
thrown [src/hotspot/share/interpreter/linkResolver.cpp, line 766]
Event: 20595,312 Thread 0x00007fb2700012c0 Implicit null exception at 0x00007fb33a572fd5 to 0x00007fb33a573131

VM Operations (20 events):
Event: 21003,811 Executing VM operation: Cleanup done
Event: 22725,144 Executing VM operation: Cleanup
Event: 22725,144 Executing VM operation: Cleanup done
Event: 22804,150 Executing VM operation: Cleanup
Event: 22804,150 Executing VM operation: Cleanup done
Event: 23102,182 Executing VM operation: Cleanup
Event: 23102,183 Executing VM operation: Cleanup done
Event: 23168,188 Executing VM operation: Cleanup
Event: 23168,188 Executing VM operation: Cleanup done
Event: 23352,214 Executing VM operation: Cleanup
Event: 23352,214 Executing VM operation: Cleanup done
Event: 26426,615 Executing VM operation: Cleanup
Event: 26426,618 Executing VM operation: Cleanup done
Event: 26706,673 Executing VM operation: Cleanup
Event: 26706,673 Executing VM operation: Cleanup done
Event: 26716,674 Executing VM operation: Cleanup
Event: 26716,674 Executing VM operation: Cleanup done
Event: 27736,860 Executing VM operation: Cleanup
Event: 27736,861 Executing VM operation: Cleanup done
Event: 32108,582 Executing VM operation: ParallelGCFailedAllocation

Events (20 events):
Event: 20632,495 Protecting memory [0x00007fb330006000,0x00007fb33000a000] with protection modes 0
Event: 20660,609 Thread 0x00007fb2700012c0 Thread exited: 0x00007fb2700012c0
Event: 20720,609 Thread 0x00007fb2940ace60 Thread exited: 0x00007fb2940ace60
Event: 20780,609 Thread 0x00007fb2940ad7b0 Thread exited: 0x00007fb2940ad7b0
Event: 20840,609 Thread 0x00007fb26c01cf80 Thread exited: 0x00007fb26c01cf80
Event: 20900,609 Thread 0x00007fb26c020520 Thread exited: 0x00007fb26c020520
Event: 20911,244 Thread 0x00007fb2fc2ee600 Thread added: 0x00007fb2fc2ee600
Event: 20911,244 Protecting memory [0x00007fb2a7d00000,0x00007fb2a7d04000] with protection modes 0
Event: 20911,258 Thread 0x00007fb26810f650 Thread added: 0x00007fb26810f650
Event: 20911,258 Protecting memory [0x00007fb30c2ec000,0x00007fb30c2f0000] with protection modes 0
Event: 20911,751 Thread 0x00007fb26810f650 Thread exited: 0x00007fb26810f650
Event: 20911,751 Thread 0x00007fb2fc2ee600 Thread exited: 0x00007fb2fc2ee600
Event: 20911,781 Thread 0x00007fb2fc2ee600 Thread added: 0x00007fb2fc2ee600
Event: 20911,781 Protecting memory [0x00007fb2a7d00000,0x00007fb2a7d04000] with protection modes 0
Event: 20911,781 Thread 0x00007fb2fc606c70 Thread added: 0x00007fb2fc606c70
Event: 20911,781 Protecting memory [0x00007fb30c2ec000,0x00007fb30c2f0000] with protection modes 0
Event: 20917,069 Thread 0x00007fb2fc606c70 Thread exited: 0x00007fb2fc606c70
Event: 20922,054 Thread 0x00007fb2fc2ee600 Thread exited: 0x00007fb2fc2ee600
Event: 20972,049 Thread 0x00007fb26c000fe0 Thread exited: 0x00007fb26c000fe0
Event: 21032,049 Thread 0x00007fb26c01aae0 Thread exited: 0x00007fb26c01aae0


Dynamic libraries:
c0000000-d8c80000 rw-p 00000000 00:00 0 
d8c80000-eab00000 ---p 00000000 00:00 0 
eab00000-ef380000 rw-p 00000000 00:00 0 
ef380000-100000000 ---p 00000000 00:00 0 
100000000-100020000 rw-p 00000000 00:00 0 
100020000-100040000 rw-p 00000000 00:00 0 
100040000-100100000 rw-p 00000000 00:00 0 
100100000-100180000 rw-p 00000000 00:00 0 
100180000-100240000 rw-p 00000000 00:00 0 
100240000-100380000 rw-p 00000000 00:00 0 
100380000-100440000 rw-p 00000000 00:00 0 
100440000-100480000 rw-p 00000000 00:00 0 
100480000-100500000 rw-p 00000000 00:00 0 
100500000-1005f0000 rw-p 00000000 00:00 0 
1005f0000-100600000 ---p 00000000 00:00 0 
100600000-1007e0000 rw-p 00000000 00:00 0 
1007e0000-140000000 ---p 00000000 00:00 0 
55a011000000-55a011001000 r-xp 00000000 00:20 850125                     /home/root0/.vscode/extensions/redhat.java-1.5.0/jre/17.0.2-linux-x86_64/bin/java
55a011201000-55a011202000 r--p 00001000 00:20 850125                     /home/root0/.vscode/extensions/redhat.java-1.5.0/jre/17.0.2-linux-x86_64/bin/java
55a011202000-55a011203000 rw-p 00002000 00:20 850125                     /home/root0/.vscode/extensions/redhat.java-1.5.0/jre/17.0.2-linux-x86_64/bin/java
55a0117cf000-55a0117f0000 rw-p 00000000 00:00 0                          [heap]
7fb264000000-7fb26415c000 rw-p 00000000 00:00 0 
7fb26415c000-7fb268000000 ---p 00000000 00:00 0 
7fb268000000-7fb268f0e000 rw-p 00000000 00:00 0 
7fb268f0e000-7fb26c000000 ---p 00000000 00:00 0 
7fb26c000000-7fb26c036000 rw-p 00000000 00:00 0 
7fb26c036000-7fb270000000 ---p 00000000 00:00 0 
7fb270000000-7fb27008a000 rw-p 00000000 00:00 0 
7fb27008a000-7fb274000000 ---p 00000000 00:00 0 
7fb274000000-7fb2743b2000 rw-p 00000000 00:00 0 
7fb2743b2000-7fb278000000 ---p 00000000 00:00 0 
7fb278000000-7fb278147000 rw-p 00000000 00:00 0 
7fb278147000-7fb27c000000 ---p 00000000 00:00 0 
7fb27c000000-7fb27c082000 rw-p 00000000 00:00 0 
7fb27c082000-7fb280000000 ---p 00000000 00:00 0 
7fb283840000-7fb28c000000 r--s 00000000 00:20 696160                     /usr/lib/jvm/java-11-openjdk-11.0.14.1.1-5.fc35.x86_64/lib/modules
7fb28c000000-7fb28c145000 rw-p 00000000 00:00 0 
7fb28c145000-7fb290000000 ---p 00000000 00:00 0 
7fb290000000-7fb290021000 rw-p 00000000 00:00 0 
7fb290021000-7fb294000000 ---p 00000000 00:00 0 
7fb294000000-7fb294138000 rw-p 00000000 00:00 0 
7fb294138000-7fb298000000 ---p 00000000 00:00 0 
7fb298000000-7fb2980f6000 rw-p 00000000 00:00 0 
7fb2980f6000-7fb29c000000 ---p 00000000 00:00 0 
7fb29c000000-7fb29c0bc000 rw-p 00000000 00:00 0 
7fb29c0bc000-7fb2a0000000 ---p 00000000 00:00 0 
7fb2a0000000-7fb2a00df000 rw-p 00000000 00:00 0 
7fb2a00df000-7fb2a4000000 ---p 00000000 00:00 0 
7fb2a4800000-7fb2a4820000 rw-p 00000000 00:00 0 
7fb2a4820000-7fb2a5000000 ---p 00000000 00:00 0 
7fb2a5000000-7fb2a5700000 rw-p 00000000 00:00 0 
7fb2a5700000-7fb2a5740000 rw-p 00000000 00:00 0 
7fb2a5740000-7fb2a5800000 ---p 00000000 00:00 0 
7fb2a5800000-7fb2a5b00000 rw-p 00000000 00:00 0 
7fb2a5b00000-7fb2a5c00000 rw-p 00000000 00:00 0 
7fb2a5c00000-7fb2a6000000 rw-p 00000000 00:00 0 
7fb2a6000000-7fb2a6800000 rw-p 00000000 00:00 0 
7fb2a6800000-7fb2a6900000 rw-p 00000000 00:00 0 
7fb2a6900000-7fb2a6b80000 rw-p 00000000 00:00 0 
7fb2a6b80000-7fb2a6d00000 rw-p 00000000 00:00 0 
7fb2a6d00000-7fb2a6e00000 rw-p 00000000 00:00 0 
7fb2a6e00000-7fb2a6f00000 rw-p 00000000 00:00 0 
7fb2a6f00000-7fb2a7000000 rw-p 00000000 00:00 0 
7fb2a7400000-7fb2a7500000 rw-p 00000000 00:00 0 
7fb2a7500000-7fb2a7600000 rw-p 00000000 00:00 0 
7fb2a7600000-7fb2a7780000 rw-p 00000000 00:00 0 
7fb2a7780000-7fb2a7800000 rw-p 00000000 00:00 0 
7fb2a7800000-7fb2a7b00000 rw-p 00000000 00:00 0 
7fb2a7b00000-7fb2a7c00000 rw-p 00000000 00:00 0 
7fb2a7d00000-7fb2a7d04000 ---p 00000000 00:00 0 
7fb2a7d04000-7fb2a7e00000 rw-p 00000000 00:00 0 
7fb2a7e00000-7fb2a7e04000 ---p 00000000 00:00 0 
7fb2a7e04000-7fb2a7f00000 rw-p 00000000 00:00 0 
7fb2a7f00000-7fb2a7f04000 ---p 00000000 00:00 0 
7fb2a7f04000-7fb2a8000000 rw-p 00000000 00:00 0 
7fb2a8000000-7fb2a814c000 rw-p 00000000 00:00 0 
7fb2a814c000-7fb2ac000000 ---p 00000000 00:00 0 
7fb2ac000000-7fb2ac021000 rw-p 00000000 00:00 0 
7fb2ac021000-7fb2b0000000 ---p 00000000 00:00 0 
7fb2b0000000-7fb2b0021000 rw-p 00000000 00:00 0 
7fb2b0021000-7fb2b4000000 ---p 00000000 00:00 0 
7fb2b4000000-7fb2b456b000 rw-p 00000000 00:00 0 
7fb2b456b000-7fb2b8000000 ---p 00000000 00:00 0 
7fb2b8000000-7fb2b8021000 rw-p 00000000 00:00 0 
7fb2b8021000-7fb2bc000000 ---p 00000000 00:00 0 
7fb2bc000000-7fb2bc09a000 rw-p 00000000 00:00 0 
7fb2bc09a000-7fb2c0000000 ---p 00000000 00:00 0 
7fb2c0000000-7fb2c0021000 rw-p 00000000 00:00 0 
7fb2c0021000-7fb2c4000000 ---p 00000000 00:00 0 
7fb2c4000000-7fb2c43f4000 rw-p 00000000 00:00 0 
7fb2c43f4000-7fb2c8000000 ---p 00000000 00:00 0 
7fb2c8000000-7fb2c8021000 rw-p 00000000 00:00 0 
7fb2c8021000-7fb2cc000000 ---p 00000000 00:00 0 
7fb2cc000000-7fb2cc021000 rw-p 00000000 00:00 0 
7fb2cc021000-7fb2d0000000 ---p 00000000 00:00 0 
7fb2d0000000-7fb2d0021000 rw-p 00000000 00:00 0 
7fb2d0021000-7fb2d4000000 ---p 00000000 00:00 0 
7fb2d4000000-7fb2d4021000 rw-p 00000000 00:00 0 
7fb2d4021000-7fb2d8000000 ---p 00000000 00:00 0 
7fb2d8000000-7fb2d8021000 rw-p 00000000 00:00 0 
7fb2d8021000-7fb2dc000000 ---p 00000000 00:00 0 
7fb2dc000000-7fb2dc915000 rw-p 00000000 00:00 0 
7fb2dc915000-7fb2e0000000 ---p 00000000 00:00 0 
7fb2e0000000-7fb2e003f000 rw-p 00000000 00:00 0 
7fb2e003f000-7fb2e4000000 ---p 00000000 00:00 0 
7fb2e4000000-7fb2e4021000 rw-p 00000000 00:00 0 
7fb2e4021000-7fb2e8000000 ---p 00000000 00:00 0 
7fb2e8000000-7fb2e8021000 rw-p 00000000 00:00 0 
7fb2e8021000-7fb2ec000000 ---p 00000000 00:00 0 
7fb2ec000000-7fb2ec021000 rw-p 00000000 00:00 0 
7fb2ec021000-7fb2f0000000 ---p 00000000 00:00 0 
7fb2f0000000-7fb2f0211000 rw-p 00000000 00:00 0 
7fb2f0211000-7fb2f4000000 ---p 00000000 00:00 0 
7fb2f4000000-7fb2f4021000 rw-p 00000000 00:00 0 
7fb2f4021000-7fb2f8000000 ---p 00000000 00:00 0 
7fb2f8000000-7fb2fa69c000 rw-p 00000000 00:00 0 
7fb2fa69c000-7fb2fc000000 ---p 00000000 00:00 0 
7fb2fc000000-7fb2fcba1000 rw-p 00000000 00:00 0 
7fb2fcba1000-7fb300000000 ---p 00000000 00:00 0 
7fb300000000-7fb300021000 rw-p 00000000 00:00 0 
7fb300021000-7fb304000000 ---p 00000000 00:00 0 
7fb304000000-7fb304021000 rw-p 00000000 00:00 0 
7fb304021000-7fb308000000 ---p 00000000 00:00 0 
7fb308000000-7fb308021000 rw-p 00000000 00:00 0 
7fb308021000-7fb30c000000 ---p 00000000 00:00 0 
7fb30c0ec000-7fb30c0f0000 ---p 00000000 00:00 0 
7fb30c0f0000-7fb30c1ec000 rw-p 00000000 00:00 0 
7fb30c1ec000-7fb30c1f0000 ---p 00000000 00:00 0 
7fb30c1f0000-7fb30c2ec000 rw-p 00000000 00:00 0 
7fb30c2ec000-7fb30c2f0000 ---p 00000000 00:00 0 
7fb30c2f0000-7fb30c3ec000 rw-p 00000000 00:00 0 
7fb30c3ec000-7fb30c3f0000 ---p 00000000 00:00 0 
7fb30c3f0000-7fb30c4ec000 rw-p 00000000 00:00 0 
7fb30c4ec000-7fb30c4f0000 ---p 00000000 00:00 0 
7fb30c4f0000-7fb30c5ec000 rw-p 00000000 00:00 0 
7fb30c5ec000-7fb30c5ee000 r-xp 00000000 00:20 850502                     /home/root0/.vscode/extensions/redhat.java-1.5.0/jre/17.0.2-linux-x86_64/lib/libextnet.so
7fb30c5ee000-7fb30c7ed000 ---p 00002000 00:20 850502                     /home/root0/.vscode/extensions/redhat.java-1.5.0/jre/17.0.2-linux-x86_64/lib/libextnet.so
7fb30c7ed000-7fb30c7ee000 r--p 00001000 00:20 850502                     /home/root0/.vscode/extensions/redhat.java-1.5.0/jre/17.0.2-linux-x86_64/lib/libextnet.so
7fb30c7ee000-7fb30c7ef000 rw-p 00002000 00:20 850502                     /home/root0/.vscode/extensions/redhat.java-1.5.0/jre/17.0.2-linux-x86_64/lib/libextnet.so
7fb30c7ef000-7fb30c7f3000 ---p 00000000 00:00 0 
7fb30c7f3000-7fb30c8ef000 rw-p 00000000 00:00 0 
7fb30c8ef000-7fb30c8f3000 ---p 00000000 00:00 0 
7fb30c8f3000-7fb30c9ef000 rw-p 00000000 00:00 0 
7fb30c9ef000-7fb30c9f3000 ---p 00000000 00:00 0 
7fb30c9f3000-7fb30caef000 rw-p 00000000 00:00 0 
7fb30caef000-7fb30caf3000 ---p 00000000 00:00 0 
7fb30caf3000-7fb30cbef000 rw-p 00000000 00:00 0 
7fb30cbef000-7fb30cbfc000 r-xp 00000000 00:20 850529                     /home/root0/.vscode/extensions/redhat.java-1.5.0/jre/17.0.2-linux-x86_64/lib/libverify.so
7fb30cbfc000-7fb30cdfb000 ---p 0000d000 00:20 850529                     /home/root0/.vscode/extensions/redhat.java-1.5.0/jre/17.0.2-linux-x86_64/lib/libverify.so
7fb30cdfb000-7fb30cdfd000 r--p 0000c000 00:20 850529                     /home/root0/.vscode/extensions/redhat.java-1.5.0/jre/17.0.2-linux-x86_64/lib/libverify.so
7fb30cdfd000-7fb30cdfe000 rw-p 0000e000 00:20 850529                     /home/root0/.vscode/extensions/redhat.java-1.5.0/jre/17.0.2-linux-x86_64/lib/libverify.so
7fb30cdfe000-7fb30ce02000 ---p 00000000 00:00 0 
7fb30ce02000-7fb30cefe000 rw-p 00000000 00:00 0 
7fb30cefe000-7fb30ceff000 ---p 00000000 00:00 0 
7fb30ceff000-7fb30d100000 rw-p 00000000 00:00 0 
7fb30d100000-7fb30d200000 rw-p 00000000 00:00 0 
7fb30d200000-7fb30d800000 rw-p 00000000 00:00 0 
7fb30d8ef000-7fb30d8f3000 ---p 00000000 00:00 0 
7fb30d8f3000-7fb30d9ef000 rw-p 00000000 00:00 0 
7fb30d9ef000-7fb30d9f3000 ---p 00000000 00:00 0 
7fb30d9f3000-7fb30daef000 rw-p 00000000 00:00 0 
7fb30daef000-7fb30daf3000 ---p 00000000 00:00 0 
7fb30daf3000-7fb30dbef000 rw-p 00000000 00:00 0 
7fb30dbef000-7fb30dbf3000 ---p 00000000 00:00 0 
7fb30dbf3000-7fb30dcef000 rw-p 00000000 00:00 0 
7fb30dcef000-7fb30dcf3000 ---p 00000000 00:00 0 
7fb30dcf3000-7fb30ddef000 rw-p 00000000 00:00 0 
7fb30ddef000-7fb30ddff000 r-xp 00000000 00:20 947788                     /home/root0/.config/Code/User/globalStorage/redhat.java/1.5.0/config_linux/org.eclipse.equinox.launcher/org.eclipse.equinox.launcher.gtk.linux.x86_64_1.2.400.v20211117-0650/eclipse_11600.so
7fb30ddff000-7fb30dffe000 ---p 00010000 00:20 947788                     /home/root0/.config/Code/User/globalStorage/redhat.java/1.5.0/config_linux/org.eclipse.equinox.launcher/org.eclipse.equinox.launcher.gtk.linux.x86_64_1.2.400.v20211117-0650/eclipse_11600.so
7fb30dffe000-7fb30dfff000 r--p 0000f000 00:20 947788                     /home/root0/.config/Code/User/globalStorage/redhat.java/1.5.0/config_linux/org.eclipse.equinox.launcher/org.eclipse.equinox.launcher.gtk.linux.x86_64_1.2.400.v20211117-0650/eclipse_11600.so
7fb30dfff000-7fb30e000000 rw-p 00010000 00:20 947788                     /home/root0/.config/Code/User/globalStorage/redhat.java/1.5.0/config_linux/org.eclipse.equinox.launcher/org.eclipse.equinox.launcher.gtk.linux.x86_64_1.2.400.v20211117-0650/eclipse_11600.so
7fb30e000000-7fb30e100000 rw-p 00000000 00:00 0 
7fb30e100000-7fb30e300000 rw-p 00000000 00:00 0 
7fb30e300000-7fb30e400000 rw-p 00000000 00:00 0 
7fb30e400000-7fb30e500000 rw-p 00000000 00:00 0 
7fb30e500000-7fb30e600000 rw-p 00000000 00:00 0 
7fb30e600000-7fb30e800000 rw-p 00000000 00:00 0 
7fb30e8cc000-7fb30e8cd000 ---p 00000000 00:00 0 
7fb30e8cd000-7fb30e9ce000 rw-p 00000000 00:00 0 
7fb30e9ce000-7fb30e9cf000 ---p 00000000 00:00 0 
7fb30e9cf000-7fb30ead0000 rw-p 00000000 00:00 0 
7fb30ead0000-7fb31c000000 r--p 00000000 00:20 976943                     /usr/lib/locale/locale-archive
7fb31c000000-7fb31c021000 rw-p 00000000 00:00 0 
7fb31c021000-7fb320000000 ---p 00000000 00:00 0 
7fb320000000-7fb320021000 rw-p 00000000 00:00 0 
7fb320021000-7fb324000000 ---p 00000000 00:00 0 
7fb324000000-7fb324021000 rw-p 00000000 00:00 0 
7fb324021000-7fb328000000 ---p 00000000 00:00 0 
7fb3280a8000-7fb3280a9000 ---p 00000000 00:00 0 
7fb3280a9000-7fb3281aa000 rw-p 00000000 00:00 0 
7fb3281aa000-7fb3281ab000 ---p 00000000 00:00 0 
7fb3281ab000-7fb3282ac000 rw-p 00000000 00:00 0 
7fb3282ac000-7fb3282ad000 ---p 00000000 00:00 0 
7fb3282ad000-7fb3283ae000 rw-p 00000000 00:00 0 
7fb3283ae000-7fb3283af000 ---p 00000000 00:00 0 
7fb3283af000-7fb3284b0000 rw-p 00000000 00:00 0 
7fb3284b0000-7fb3284b4000 ---p 00000000 00:00 0 
7fb3284b4000-7fb3285b0000 rw-p 00000000 00:00 0 
7fb3285b0000-7fb3285b4000 ---p 00000000 00:00 0 
7fb3285b4000-7fb3286b0000 rw-p 00000000 00:00 0 
7fb3286b0000-7fb3286b4000 ---p 00000000 00:00 0 
7fb3286b4000-7fb3287b0000 rw-p 00000000 00:00 0 
7fb3287b0000-7fb3287c5000 r-xp 00000000 00:20 850522                     /home/root0/.vscode/extensions/redhat.java-1.5.0/jre/17.0.2-linux-x86_64/lib/libnet.so
7fb3287c5000-7fb3289c4000 ---p 00015000 00:20 850522                     /home/root0/.vscode/extensions/redhat.java-1.5.0/jre/17.0.2-linux-x86_64/lib/libnet.so
7fb3289c4000-7fb3289c5000 r--p 00014000 00:20 850522                     /home/root0/.vscode/extensions/redhat.java-1.5.0/jre/17.0.2-linux-x86_64/lib/libnet.so
7fb3289c5000-7fb3289c6000 rw-p 00015000 00:20 850522                     /home/root0/.vscode/extensions/redhat.java-1.5.0/jre/17.0.2-linux-x86_64/lib/libnet.so
7fb3289c6000-7fb3289d8000 r-xp 00000000 00:20 850523                     /home/root0/.vscode/extensions/redhat.java-1.5.0/jre/17.0.2-linux-x86_64/lib/libnio.so
7fb3289d8000-7fb328bd7000 ---p 00012000 00:20 850523                     /home/root0/.vscode/extensions/redhat.java-1.5.0/jre/17.0.2-linux-x86_64/lib/libnio.so
7fb328bd7000-7fb328bd8000 r--p 00011000 00:20 850523                     /home/root0/.vscode/extensions/redhat.java-1.5.0/jre/17.0.2-linux-x86_64/lib/libnio.so
7fb328bd8000-7fb328bd9000 rw-p 00012000 00:20 850523                     /home/root0/.vscode/extensions/redhat.java-1.5.0/jre/17.0.2-linux-x86_64/lib/libnio.so
7fb328bd9000-7fb328bda000 ---p 00000000 00:00 0 
7fb328bda000-7fb328cdb000 rw-p 00000000 00:00 0 
7fb328cdb000-7fb328cdf000 ---p 00000000 00:00 0 
7fb328cdf000-7fb328ddb000 rw-p 00000000 00:00 0 
7fb328ddb000-7fb328ddf000 ---p 00000000 00:00 0 
7fb328ddf000-7fb328edb000 rw-p 00000000 00:00 0 
7fb328edb000-7fb328edf000 ---p 00000000 00:00 0 
7fb328edf000-7fb328fdb000 rw-p 00000000 00:00 0 
7fb328fdb000-7fb328fdf000 ---p 00000000 00:00 0 
7fb328fdf000-7fb3290db000 rw-p 00000000 00:00 0 
7fb3290db000-7fb3290df000 ---p 00000000 00:00 0 
7fb3290df000-7fb3291db000 rw-p 00000000 00:00 0 
7fb3291db000-7fb3291df000 ---p 00000000 00:00 0 
7fb3291df000-7fb3292db000 rw-p 00000000 00:00 0 
7fb3292db000-7fb3292df000 ---p 00000000 00:00 0 
7fb3292df000-7fb3293db000 rw-p 00000000 00:00 0 
7fb3293db000-7fb3293df000 ---p 00000000 00:00 0 
7fb3293df000-7fb3294db000 rw-p 00000000 00:00 0 
7fb3294db000-7fb3294df000 ---p 00000000 00:00 0 
7fb3294df000-7fb3295db000 rw-p 00000000 00:00 0 
7fb3295db000-7fb3295df000 ---p 00000000 00:00 0 
7fb3295df000-7fb3296db000 rw-p 00000000 00:00 0 
7fb3296db000-7fb3296dc000 ---p 00000000 00:00 0 
7fb3296dc000-7fb32b1f7000 rw-p 00000000 00:00 0 
7fb32b1f7000-7fb32b1fe000 r-xp 00000000 00:20 850530                     /home/root0/.vscode/extensions/redhat.java-1.5.0/jre/17.0.2-linux-x86_64/lib/libzip.so
7fb32b1fe000-7fb32b3fe000 ---p 00007000 00:20 850530                     /home/root0/.vscode/extensions/redhat.java-1.5.0/jre/17.0.2-linux-x86_64/lib/libzip.so
7fb32b3fe000-7fb32b3ff000 r--p 00007000 00:20 850530                     /home/root0/.vscode/extensions/redhat.java-1.5.0/jre/17.0.2-linux-x86_64/lib/libzip.so
7fb32b3ff000-7fb32b400000 rw-p 00008000 00:20 850530                     /home/root0/.vscode/extensions/redhat.java-1.5.0/jre/17.0.2-linux-x86_64/lib/libzip.so
7fb32b400000-7fb32b800000 rw-p 00000000 00:00 0 
7fb32b800000-7fb32b820000 rw-p 00000000 00:00 0 
7fb32b820000-7fb32b840000 rw-p 00000000 00:00 0 
7fb32b840000-7fb32b880000 rw-p 00000000 00:00 0 
7fb32b880000-7fb32b900000 rw-p 00000000 00:00 0 
7fb32b900000-7fb32bb00000 rw-p 00000000 00:00 0 
7fb32bb00000-7fb32bb40000 rw-p 00000000 00:00 0 
7fb32bb40000-7fb32bb80000 rw-p 00000000 00:00 0 
7fb32bb80000-7fb32bc00000 rw-p 00000000 00:00 0 
7fb32bc7b000-7fb32bc7e000 r--p 00000000 00:20 988627                     /usr/lib64/libnss_resolve.so.2
7fb32bc7e000-7fb32bc94000 r-xp 00003000 00:20 988627                     /usr/lib64/libnss_resolve.so.2
7fb32bc94000-7fb32bc9b000 r--p 00019000 00:20 988627                     /usr/lib64/libnss_resolve.so.2
7fb32bc9b000-7fb32bc9c000 ---p 00020000 00:20 988627                     /usr/lib64/libnss_resolve.so.2
7fb32bc9c000-7fb32bc9d000 r--p 00020000 00:20 988627                     /usr/lib64/libnss_resolve.so.2
7fb32bc9d000-7fb32bc9e000 rw-p 00021000 00:20 988627                     /usr/lib64/libnss_resolve.so.2
7fb32bc9e000-7fb32bca2000 r--p 00000000 00:20 977835                     /usr/lib64/libresolv.so.2
7fb32bca2000-7fb32bcab000 r-xp 00004000 00:20 977835                     /usr/lib64/libresolv.so.2
7fb32bcab000-7fb32bcad000 r--p 0000d000 00:20 977835                     /usr/lib64/libresolv.so.2
7fb32bcad000-7fb32bcae000 ---p 0000f000 00:20 977835                     /usr/lib64/libresolv.so.2
7fb32bcae000-7fb32bcaf000 r--p 0000f000 00:20 977835                     /usr/lib64/libresolv.so.2
7fb32bcaf000-7fb32bcb0000 rw-p 00010000 00:20 977835                     /usr/lib64/libresolv.so.2
7fb32bcb0000-7fb32bcb2000 rw-p 00000000 00:00 0 
7fb32bcb2000-7fb32bcb5000 r--p 00000000 00:20 574677                     /usr/lib64/libgcc_s-11-20220127.so.1
7fb32bcb5000-7fb32bcc7000 r-xp 00003000 00:20 574677                     /usr/lib64/libgcc_s-11-20220127.so.1
7fb32bcc7000-7fb32bcca000 r--p 00015000 00:20 574677                     /usr/lib64/libgcc_s-11-20220127.so.1
7fb32bcca000-7fb32bccb000 ---p 00018000 00:20 574677                     /usr/lib64/libgcc_s-11-20220127.so.1
7fb32bccb000-7fb32bccc000 r--p 00018000 00:20 574677                     /usr/lib64/libgcc_s-11-20220127.so.1
7fb32bccc000-7fb32bccd000 rw-p 00019000 00:20 574677                     /usr/lib64/libgcc_s-11-20220127.so.1
7fb32bccd000-7fb32bcd1000 r--p 00000000 00:20 988626                     /usr/lib64/libnss_myhostname.so.2
7fb32bcd1000-7fb32bce0000 r-xp 00004000 00:20 988626                     /usr/lib64/libnss_myhostname.so.2
7fb32bce0000-7fb32bcea000 r--p 00013000 00:20 988626                     /usr/lib64/libnss_myhostname.so.2
7fb32bcea000-7fb32bcee000 r--p 0001c000 00:20 988626                     /usr/lib64/libnss_myhostname.so.2
7fb32bcee000-7fb32bcef000 rw-p 00020000 00:20 988626                     /usr/lib64/libnss_myhostname.so.2
7fb32bcff000-7fb32c000000 rw-p 00000000 00:00 0 
7fb32c000000-7fb32c021000 rw-p 00000000 00:00 0 
7fb32c021000-7fb330000000 ---p 00000000 00:00 0 
7fb330006000-7fb33000a000 ---p 00000000 00:00 0 
7fb33000a000-7fb332170000 rw-p 00000000 00:00 0 
7fb332170000-7fb3321ff000 ---p 00000000 00:00 0 
7fb3321ff000-7fb3322c6000 rw-p 00000000 00:00 0 
7fb3322c6000-7fb332354000 ---p 00000000 00:00 0 
7fb332354000-7fb332379000 rw-p 00000000 00:00 0 
7fb332379000-7fb3323ff000 ---p 00000000 00:00 0 
7fb3323ff000-7fb332400000 rw-p 00000000 00:00 0 
7fb332400000-7fb332670000 rwxp 00000000 00:00 0 
7fb332670000-7fb332992000 ---p 00000000 00:00 0 
7fb332992000-7fb333e12000 rwxp 00000000 00:00 0 
7fb333e12000-7fb339ec9000 ---p 00000000 00:00 0 
7fb339ec9000-7fb33a639000 rwxp 00000000 00:00 0 
7fb33a639000-7fb341400000 ---p 00000000 00:00 0 
7fb341400000-7fb344000000 r--s 00000000 00:20 850531                     /home/root0/.vscode/extensions/redhat.java-1.5.0/jre/17.0.2-linux-x86_64/lib/modules
7fb344000000-7fb3446d3000 rw-p 00000000 00:00 0 
7fb3446d3000-7fb348000000 ---p 00000000 00:00 0 
7fb348001000-7fb348008000 r--s 00000000 00:20 1052697                    /usr/lib64/gconv/gconv-modules.cache
7fb348008000-7fb34802d000 r--p 00000000 00:20 976917                     /usr/share/locale/fr/LC_MESSAGES/libc.mo
7fb34802d000-7fb3480dd000 rw-p 00000000 00:00 0 
7fb3480dd000-7fb3480de000 ---p 00000000 00:00 0 
7fb3480de000-7fb3481ee000 rw-p 00000000 00:00 0 
7fb3481ee000-7fb3482ca000 ---p 00000000 00:00 0 
7fb3482ca000-7fb3482f3000 rw-p 00000000 00:00 0 
7fb3482f3000-7fb3483b5000 ---p 00000000 00:00 0 
7fb3483b5000-7fb3483ba000 rw-p 00000000 00:00 0 
7fb3483ba000-7fb3483c1000 ---p 00000000 00:00 0 
7fb3483c1000-7fb3483e5000 r-xp 00000000 00:20 850509                     /home/root0/.vscode/extensions/redhat.java-1.5.0/jre/17.0.2-linux-x86_64/lib/libjava.so
7fb3483e5000-7fb3485e5000 ---p 00024000 00:20 850509                     /home/root0/.vscode/extensions/redhat.java-1.5.0/jre/17.0.2-linux-x86_64/lib/libjava.so
7fb3485e5000-7fb3485e6000 r--p 00024000 00:20 850509                     /home/root0/.vscode/extensions/redhat.java-1.5.0/jre/17.0.2-linux-x86_64/lib/libjava.so
7fb3485e6000-7fb3485e7000 rw-p 00025000 00:20 850509                     /home/root0/.vscode/extensions/redhat.java-1.5.0/jre/17.0.2-linux-x86_64/lib/libjava.so
7fb3485e7000-7fb3485e8000 rw-p 00000000 00:00 0 
7fb3485e8000-7fb348603000 r-xp 00000000 00:20 850513                     /home/root0/.vscode/extensions/redhat.java-1.5.0/jre/17.0.2-linux-x86_64/lib/libjimage.so
7fb348603000-7fb348802000 ---p 0001b000 00:20 850513                     /home/root0/.vscode/extensions/redhat.java-1.5.0/jre/17.0.2-linux-x86_64/lib/libjimage.so
7fb348802000-7fb348804000 r--p 0001a000 00:20 850513                     /home/root0/.vscode/extensions/redhat.java-1.5.0/jre/17.0.2-linux-x86_64/lib/libjimage.so
7fb348804000-7fb348805000 rw-p 0001c000 00:20 850513                     /home/root0/.vscode/extensions/redhat.java-1.5.0/jre/17.0.2-linux-x86_64/lib/libjimage.so
7fb348805000-7fb348809000 ---p 00000000 00:00 0 
7fb348809000-7fb348905000 rw-p 00000000 00:00 0 
7fb348905000-7fb348914000 r--p 00000000 00:20 977829                     /usr/lib64/libm.so.6
7fb348914000-7fb348985000 r-xp 0000f000 00:20 977829                     /usr/lib64/libm.so.6
7fb348985000-7fb3489df000 r--p 00080000 00:20 977829                     /usr/lib64/libm.so.6
7fb3489df000-7fb3489e0000 r--p 000d9000 00:20 977829                     /usr/lib64/libm.so.6
7fb3489e0000-7fb3489e1000 rw-p 000da000 00:20 977829                     /usr/lib64/libm.so.6
7fb3489e1000-7fb3489e2000 r--p 00000000 00:20 977836                     /usr/lib64/librt.so.1
7fb3489e2000-7fb3489e3000 r-xp 00001000 00:20 977836                     /usr/lib64/librt.so.1
7fb3489e3000-7fb3489e4000 r--p 00002000 00:20 977836                     /usr/lib64/librt.so.1
7fb3489e4000-7fb3489e5000 r--p 00002000 00:20 977836                     /usr/lib64/librt.so.1
7fb3489e5000-7fb3489e6000 rw-p 00000000 00:00 0 
7fb3489e6000-7fb349cca000 r-xp 00000000 00:20 850541                     /home/root0/.vscode/extensions/redhat.java-1.5.0/jre/17.0.2-linux-x86_64/lib/server/libjvm.so
7fb349cca000-7fb349eca000 ---p 012e4000 00:20 850541                     /home/root0/.vscode/extensions/redhat.java-1.5.0/jre/17.0.2-linux-x86_64/lib/server/libjvm.so
7fb349eca000-7fb349f83000 r--p 012e4000 00:20 850541                     /home/root0/.vscode/extensions/redhat.java-1.5.0/jre/17.0.2-linux-x86_64/lib/server/libjvm.so
7fb349f83000-7fb349fb8000 rw-p 0139d000 00:20 850541                     /home/root0/.vscode/extensions/redhat.java-1.5.0/jre/17.0.2-linux-x86_64/lib/server/libjvm.so
7fb349fb8000-7fb34a013000 rw-p 00000000 00:00 0 
7fb34a013000-7fb34a03f000 r--p 00000000 00:20 977826                     /usr/lib64/libc.so.6
7fb34a03f000-7fb34a1b5000 r-xp 0002c000 00:20 977826                     /usr/lib64/libc.so.6
7fb34a1b5000-7fb34a209000 r--p 001a2000 00:20 977826                     /usr/lib64/libc.so.6
7fb34a209000-7fb34a20a000 ---p 001f6000 00:20 977826                     /usr/lib64/libc.so.6
7fb34a20a000-7fb34a20d000 r--p 001f6000 00:20 977826                     /usr/lib64/libc.so.6
7fb34a20d000-7fb34a210000 rw-p 001f9000 00:20 977826                     /usr/lib64/libc.so.6
7fb34a210000-7fb34a21d000 rw-p 00000000 00:00 0 
7fb34a21d000-7fb34a21e000 r--p 00000000 00:20 977828                     /usr/lib64/libdl.so.2
7fb34a21e000-7fb34a21f000 r-xp 00001000 00:20 977828                     /usr/lib64/libdl.so.2
7fb34a21f000-7fb34a220000 r--p 00002000 00:20 977828                     /usr/lib64/libdl.so.2
7fb34a220000-7fb34a221000 r--p 00002000 00:20 977828                     /usr/lib64/libdl.so.2
7fb34a221000-7fb34a222000 rw-p 00000000 00:00 0 
7fb34a222000-7fb34a223000 r--p 00000000 00:20 977834                     /usr/lib64/libpthread.so.0
7fb34a223000-7fb34a224000 r-xp 00001000 00:20 977834                     /usr/lib64/libpthread.so.0
7fb34a224000-7fb34a225000 r--p 00002000 00:20 977834                     /usr/lib64/libpthread.so.0
7fb34a225000-7fb34a226000 r--p 00002000 00:20 977834                     /usr/lib64/libpthread.so.0
7fb34a226000-7fb34a227000 rw-p 00000000 00:00 0 
7fb34a227000-7fb34a236000 r-xp 00000000 00:20 850514                     /home/root0/.vscode/extensions/redhat.java-1.5.0/jre/17.0.2-linux-x86_64/lib/libjli.so
7fb34a236000-7fb34a436000 ---p 0000f000 00:20 850514                     /home/root0/.vscode/extensions/redhat.java-1.5.0/jre/17.0.2-linux-x86_64/lib/libjli.so
7fb34a436000-7fb34a437000 r--p 0000f000 00:20 850514                     /home/root0/.vscode/extensions/redhat.java-1.5.0/jre/17.0.2-linux-x86_64/lib/libjli.so
7fb34a437000-7fb34a438000 rw-p 00010000 00:20 850514                     /home/root0/.vscode/extensions/redhat.java-1.5.0/jre/17.0.2-linux-x86_64/lib/libjli.so
7fb34a438000-7fb34a43b000 r--p 00000000 00:20 31397                      /usr/lib64/libz.so.1.2.11
7fb34a43b000-7fb34a449000 r-xp 00003000 00:20 31397                      /usr/lib64/libz.so.1.2.11
7fb34a449000-7fb34a44f000 r--p 00011000 00:20 31397                      /usr/lib64/libz.so.1.2.11
7fb34a44f000-7fb34a450000 ---p 00017000 00:20 31397                      /usr/lib64/libz.so.1.2.11
7fb34a450000-7fb34a451000 r--p 00017000 00:20 31397                      /usr/lib64/libz.so.1.2.11
7fb34a451000-7fb34a452000 rw-p 00000000 00:00 0 
7fb34a452000-7fb34a453000 r--p 00000000 00:20 30943                      /usr/lib64/libnss_mdns4_minimal.so.2
7fb34a453000-7fb34a455000 r-xp 00001000 00:20 30943                      /usr/lib64/libnss_mdns4_minimal.so.2
7fb34a455000-7fb34a456000 r--p 00003000 00:20 30943                      /usr/lib64/libnss_mdns4_minimal.so.2
7fb34a456000-7fb34a457000 r--p 00003000 00:20 30943                      /usr/lib64/libnss_mdns4_minimal.so.2
7fb34a457000-7fb34a458000 rw-p 00000000 00:00 0 
7fb34a458000-7fb34a460000 rw-s 00000000 00:27 1665                       /tmp/hsperfdata_root0/36951
7fb34a460000-7fb34a461000 ---p 00000000 00:00 0 
7fb34a461000-7fb34a462000 r--p 00000000 00:00 0 
7fb34a462000-7fb34a464000 rw-p 00000000 00:00 0 
7fb34a464000-7fb34a466000 r--p 00000000 00:20 977822                     /usr/lib64/ld-linux-x86-64.so.2
7fb34a466000-7fb34a48c000 r-xp 00002000 00:20 977822                     /usr/lib64/ld-linux-x86-64.so.2
7fb34a48c000-7fb34a497000 r--p 00028000 00:20 977822                     /usr/lib64/ld-linux-x86-64.so.2
7fb34a497000-7fb34a498000 ---p 00000000 00:00 0 
7fb34a498000-7fb34a49a000 r--p 00033000 00:20 977822                     /usr/lib64/ld-linux-x86-64.so.2
7fb34a49a000-7fb34a49c000 rw-p 00035000 00:20 977822                     /usr/lib64/ld-linux-x86-64.so.2
7ffc3f6b5000-7ffc3f6d7000 rw-p 00000000 00:00 0                          [stack]
7ffc3f7d9000-7ffc3f7dd000 r--p 00000000 00:00 0                          [vvar]
7ffc3f7dd000-7ffc3f7df000 r-xp 00000000 00:00 0                          [vdso]
ffffffffff600000-ffffffffff601000 --xp 00000000 00:00 0                  [vsyscall]


VM Arguments:
jvm_args: --add-modules=ALL-SYSTEM --add-opens=java.base/java.util=ALL-UNNAMED --add-opens=java.base/java.lang=ALL-UNNAMED --add-opens=java.base/sun.nio.fs=ALL-UNNAMED -Declipse.application=org.eclipse.jdt.ls.core.id1 -Dosgi.bundles.defaultStartLevel=4 -Declipse.product=org.eclipse.jdt.ls.core.product -Djava.import.generatesMetadataFilesAtProjectRoot=false -Dfile.encoding=utf8 -XX:+UseParallelGC -XX:GCTimeRatio=4 -XX:AdaptiveSizePolicyWeight=90 -Dsun.zip.disableMemoryMapping=true -Xmx1G -Xms100m -XX:+HeapDumpOnOutOfMemoryError -XX:HeapDumpPath=/home/root0/.config/Code/User/workspaceStorage/10701c8f32a857a452cc67334376beec/redhat.java 
java_command: /home/root0/.vscode/extensions/redhat.java-1.5.0/server/plugins/org.eclipse.equinox.launcher_1.6.400.v20210924-0641.jar -configuration /home/root0/.config/Code/User/globalStorage/redhat.java/1.5.0/config_linux -data /home/root0/.config/Code/User/workspaceStorage/10701c8f32a857a452cc67334376beec/redhat.java/jdt_ws
java_class_path (initial): /home/root0/.vscode/extensions/redhat.java-1.5.0/server/plugins/org.eclipse.equinox.launcher_1.6.400.v20210924-0641.jar
Launcher Type: SUN_STANDARD

[Global flags]
    uintx AdaptiveSizePolicyWeight                 = 90                                        {product} {command line}
     intx CICompilerCount                          = 4                                         {product} {ergonomic}
    uintx GCTimeRatio                              = 4                                         {product} {command line}
     bool HeapDumpOnOutOfMemoryError               = true                                   {manageable} {command line}
    ccstr HeapDumpPath                             = /home/root0/.config/Code/User/workspaceStorage/10701c8f32a857a452cc67334376beec/redhat.java         {manageable} {command line}
   size_t InitialHeapSize                          = 104857600                                 {product} {command line}
   size_t MaxHeapSize                              = 1073741824                                {product} {command line}
   size_t MaxNewSize                               = 357564416                                 {product} {ergonomic}
   size_t MinHeapDeltaBytes                        = 524288                                    {product} {ergonomic}
   size_t MinHeapSize                              = 104857600                                 {product} {command line}
   size_t NewSize                                  = 34603008                                  {product} {ergonomic}
    uintx NonNMethodCodeHeapSize                   = 5839372                                {pd product} {ergonomic}
    uintx NonProfiledCodeHeapSize                  = 122909434                              {pd product} {ergonomic}
   size_t OldSize                                  = 70254592                                  {product} {ergonomic}
    uintx ProfiledCodeHeapSize                     = 122909434                              {pd product} {ergonomic}
    uintx ReservedCodeCacheSize                    = 251658240                              {pd product} {ergonomic}
     bool SegmentedCodeCache                       = true                                      {product} {ergonomic}
   size_t SoftMaxHeapSize                          = 1073741824                             {manageable} {ergonomic}
     bool UseCompressedClassPointers               = true                           {product lp64_product} {ergonomic}
     bool UseCompressedOops                        = true                           {product lp64_product} {ergonomic}
     bool UseParallelGC                            = true                                      {product} {command line}

Logging:
Log output configuration:
 #0: stdout all=warning uptime,level,tags
 #1: stderr all=off uptime,level,tags

Environment Variables:
PATH=/home/root0/.local/bin:/home/root0/bin:/usr/local/bin:/usr/bin:/bin:/usr/local/sbin:/usr/sbin:/var/lib/snapd/snap/bin
SHELL=/bin/bash
DISPLAY=:0
LANG=fr_FR.utf8

Signal Handlers:
   SIGSEGV: crash_handler in libjvm.so, mask=11100100010111111101111111111110, flags=SA_RESTART|SA_SIGINFO
    SIGBUS: crash_handler in libjvm.so, mask=11100100010111111101111111111110, flags=SA_RESTART|SA_SIGINFO
    SIGFPE: crash_handler in libjvm.so, mask=11100100010111111101111111111110, flags=SA_RESTART|SA_SIGINFO
   SIGPIPE: javaSignalHandler in libjvm.so, mask=11100100010111111101111111111110, flags=SA_RESTART|SA_SIGINFO
   SIGXFSZ: javaSignalHandler in libjvm.so, mask=11100100010111111101111111111110, flags=SA_RESTART|SA_SIGINFO
    SIGILL: crash_handler in libjvm.so, mask=11100100010111111101111111111110, flags=SA_RESTART|SA_SIGINFO
   SIGUSR2: SR_handler in libjvm.so, mask=00000000000000000000000000000000, flags=SA_RESTART|SA_SIGINFO
    SIGHUP: UserHandler in libjvm.so, mask=11100100010111111101111111111110, flags=SA_RESTART|SA_SIGINFO
    SIGINT: UserHandler in libjvm.so, mask=11100100010111111101111111111110, flags=SA_RESTART|SA_SIGINFO
   SIGTERM: UserHandler in libjvm.so, mask=11100100010111111101111111111110, flags=SA_RESTART|SA_SIGINFO
   SIGQUIT: UserHandler in libjvm.so, mask=11100100010111111101111111111110, flags=SA_RESTART|SA_SIGINFO
   SIGTRAP: crash_handler in libjvm.so, mask=11100100010111111101111111111110, flags=SA_RESTART|SA_SIGINFO


---------------  S Y S T E M  ---------------

OS:
Fedora release 35 (Thirty Five)
uname: Linux 5.16.20-200.fc35.x86_64 #1 SMP PREEMPT Wed Apr 13 22:09:20 UTC 2022 x86_64
OS uptime: 2 days 21:01 hours
libc: glibc 2.34 NPTL 2.34 
rlimit (soft/hard): STACK 8192k/infinity , CORE infinity/infinity , NPROC 23255/23255 , NOFILE 524288/524288 , AS infinity/infinity , CPU infinity/infinity , DATA infinity/infinity , FSIZE infinity/infinity , MEMLOCK 8192k/8192k
load average: 1,29 1,64 1,48

/proc/meminfo:
MemTotal:        6073116 kB
MemFree:          128376 kB
MemAvailable:    1063396 kB
Buffers:              24 kB
Cached:          1213208 kB
SwapCached:         9508 kB
Active:          1630940 kB
Inactive:        2334828 kB
Active(anon):     973820 kB
Inactive(anon):  1894152 kB
Active(file):     657120 kB
Inactive(file):   440676 kB
Unevictable:        5904 kB
Mlocked:            5904 kB
SwapTotal:      13052920 kB
SwapFree:        9264452 kB
Dirty:               664 kB
Writeback:             0 kB
AnonPages:       2751172 kB
Mapped:           496680 kB
Shmem:            110208 kB
KReclaimable:     116184 kB
Slab:             382352 kB
SReclaimable:     116184 kB
SUnreclaim:       266168 kB
KernelStack:       40208 kB
PageTables:        80744 kB
NFS_Unstable:          0 kB
Bounce:                0 kB
WritebackTmp:          0 kB
CommitLimit:    16089476 kB
Committed_AS:   18783100 kB
VmallocTotal:   34359738367 kB
VmallocUsed:      147920 kB
VmallocChunk:          0 kB
Percpu:            19456 kB
HardwareCorrupted:     0 kB
AnonHugePages:         0 kB
ShmemHugePages:        0 kB
ShmemPmdMapped:        0 kB
FileHugePages:         0 kB
FilePmdMapped:         0 kB
CmaTotal:              0 kB
CmaFree:               0 kB
HugePages_Total:       0
HugePages_Free:        0
HugePages_Rsvd:        0
HugePages_Surp:        0
Hugepagesize:       2048 kB
Hugetlb:               0 kB
DirectMap4k:     1050620 kB
DirectMap2M:     5187584 kB
DirectMap1G:     1048576 kB

/sys/kernel/mm/transparent_hugepage/enabled: always [madvise] never
/sys/kernel/mm/transparent_hugepage/defrag (defrag/compaction efforts parameter): always defer defer+madvise [madvise] never

Process Memory:
Virtual Size: 5795612K (peak: 5795648K)
Resident Set Size: 88996K (peak: 835284K) (anon: 84944K, file: 4036K, shmem: 16K)
Swapped out: 605796K
C-Heap outstanding allocations: 36457K

/proc/sys/kernel/threads-max (system-wide limit on the number of threads): 46510
/proc/sys/vm/max_map_count (maximum number of memory map areas a process may have): 65530
/proc/sys/kernel/pid_max (system-wide limit on number of process identifiers): 4194304

container (cgroup) information:
container_type: cgroupv2
cpu_cpuset_cpus: not supported
cpu_memory_nodes: not supported
active_processor_count: 8
cpu_quota: no quota
cpu_period: 100000
cpu_shares: no shares
memory_limit_in_bytes: unlimited
memory_and_swap_limit_in_bytes: unlimited
memory_soft_limit_in_bytes: unlimited
memory_usage_in_bytes: 964485120
memory_max_usage_in_bytes: not supported

Steal ticks since vm start: 0
Steal ticks percentage since vm start:  0,000

CPU: total 8 (initial active 8) (8 cores per cpu, 2 threads per core) family 23 model 24 stepping 1 microcode 0x8108102, cx8, cmov, fxsr, ht, mmx, 3dnowpref, sse, sse2, sse3, ssse3, sse4a, sse4.1, sse4.2, popcnt, lzcnt, tsc, tscinvbit, avx, avx2, aes, clmul, bmi1, bmi2, adx, sha, fma, vzeroupper, clflush, clflushopt
CPU Model and flags from /proc/cpuinfo:
model name	: AMD Ryzen 5 3500U with Radeon Vega Mobile Gfx
flags		: fpu vme de pse tsc msr pae mce cx8 apic sep mtrr pge mca cmov pat pse36 clflush mmx fxsr sse sse2 ht syscall nx mmxext fxsr_opt pdpe1gb rdtscp lm constant_tsc rep_good nopl nonstop_tsc cpuid extd_apicid aperfmperf rapl pni pclmulqdq monitor ssse3 fma cx16 sse4_1 sse4_2 movbe popcnt aes xsave avx f16c rdrand lahf_lm cmp_legacy svm extapic cr8_legacy abm sse4a misalignsse 3dnowprefetch osvw skinit wdt tce topoext perfctr_core perfctr_nb bpext perfctr_llc mwaitx cpb hw_pstate ssbd ibpb vmmcall fsgsbase bmi1 avx2 smep bmi2 rdseed adx smap clflushopt sha_ni xsaveopt xsavec xgetbv1 xsaves clzero irperf xsaveerptr arat npt lbrv svm_lock nrip_save tsc_scale vmcb_clean flushbyasid decodeassists pausefilter pfthreshold avic v_vmsave_vmload vgif overflow_recov succor smca sme sev sev_es

Online cpus: 0-7
Offline cpus: 8-15
BIOS frequency limitation: 2100000
Frequency switch latency (ns): 0
Available cpu frequencies: 2100000 1700000 1400000 
Current governor: schedutil
Core performance/turbo boost: 1

Memory: 4k page, physical 6073116k(132408k free), swap 13052920k(9265356k free)
Page Sizes: 4k

vm_info: OpenJDK 64-Bit Server VM (17.0.2+8) for linux-amd64 JRE (17.0.2+8), built on Jan 20 2022 09:56:58 by "" with gcc 7.5.0

END.
